<?xml version="1.0" encoding="UTF-8"?>
<testsuite name="org.springframework.beans.propertyeditors.FileEditorTests" tests="6" skipped="0" failures="0" errors="0" timestamp="2020-04-13T11:24:41" hostname="DESKTOP-8IEUCIB" time="0.011">
  <properties/>
  <testcase name="testAbsoluteFileName" classname="org.springframework.beans.propertyeditors.FileEditorTests" time="0.004"/>
  <testcase name="testUnqualifiedFileNameFound" classname="org.springframework.beans.propertyeditors.FileEditorTests" time="0.0"/>
  <testcase name="testClasspathFileName" classname="org.springframework.beans.propertyeditors.FileEditorTests" time="0.0"/>
  <testcase name="testWithNonExistentResource" classname="org.springframework.beans.propertyeditors.FileEditorTests" time="0.001"/>
  <testcase name="testUnqualifiedFileNameNotFound" classname="org.springframework.beans.propertyeditors.FileEditorTests" time="0.005"/>
  <testcase name="testWithNonExistentFile" classname="org.springframework.beans.propertyeditors.FileEditorTests" time="0.0"/>
  <system-out><![CDATA[]]></system-out>
  <system-err><![CDATA[]]></system-err>
</testsuite>
