<?xml version="1.0" encoding="UTF-8"?>
<testsuite name="org.springframework.beans.factory.xml.ProfileXmlBeanDefinitionTests" tests="4" skipped="0" failures="0" errors="0" timestamp="2020-04-13T11:24:39" hostname="DESKTOP-8IEUCIB" time="0.241">
  <properties/>
  <testcase name="testDefaultAndNonDefaultProfile" classname="org.springframework.beans.factory.xml.ProfileXmlBeanDefinitionTests" time="0.038"/>
  <testcase name="testDefaultProfile" classname="org.springframework.beans.factory.xml.ProfileXmlBeanDefinitionTests" time="0.015"/>
  <testcase name="testProfilePermutations" classname="org.springframework.beans.factory.xml.ProfileXmlBeanDefinitionTests" time="0.187"/>
  <testcase name="testProfileValidation" classname="org.springframework.beans.factory.xml.ProfileXmlBeanDefinitionTests" time="0.0"/>
  <system-out><![CDATA[]]></system-out>
  <system-err><![CDATA[]]></system-err>
</testsuite>
