<?xml version="1.0" encoding="UTF-8"?>
<testsuite name="org.springframework.beans.factory.xml.SimplePropertyNamespaceHandlerTests" tests="4" skipped="0" failures="0" errors="0" timestamp="2020-04-13T11:24:39" hostname="DESKTOP-8IEUCIB" time="0.041">
  <properties/>
  <testcase name="simpleBeanConfigured" classname="org.springframework.beans.factory.xml.SimplePropertyNamespaceHandlerTests" time="0.018"/>
  <testcase name="propertyWithNameEndingInRef" classname="org.springframework.beans.factory.xml.SimplePropertyNamespaceHandlerTests" time="0.007"/>
  <testcase name="withPropertyDefinedTwice" classname="org.springframework.beans.factory.xml.SimplePropertyNamespaceHandlerTests" time="0.01"/>
  <testcase name="innerBeanConfigured" classname="org.springframework.beans.factory.xml.SimplePropertyNamespaceHandlerTests" time="0.006"/>
  <system-out><![CDATA[]]></system-out>
  <system-err><![CDATA[]]></system-err>
</testsuite>
