<?xml version="1.0" encoding="UTF-8"?>
<testsuite name="org.springframework.beans.factory.annotation.RequiredAnnotationBeanPostProcessorTests" tests="7" skipped="0" failures="0" errors="0" timestamp="2020-04-13T11:24:36" hostname="DESKTOP-8IEUCIB" time="0.034">
  <properties/>
  <testcase name="testWithStaticFactoryMethod" classname="org.springframework.beans.factory.annotation.RequiredAnnotationBeanPostProcessorTests" time="0.023"/>
  <testcase name="testWithThreeRequiredPropertiesOmitted" classname="org.springframework.beans.factory.annotation.RequiredAnnotationBeanPostProcessorTests" time="0.001"/>
  <testcase name="testWithFactoryBean" classname="org.springframework.beans.factory.annotation.RequiredAnnotationBeanPostProcessorTests" time="0.007"/>
  <testcase name="testWithCustomAnnotation" classname="org.springframework.beans.factory.annotation.RequiredAnnotationBeanPostProcessorTests" time="0.001"/>
  <testcase name="testWithAllRequiredPropertiesSpecified" classname="org.springframework.beans.factory.annotation.RequiredAnnotationBeanPostProcessorTests" time="0.0"/>
  <testcase name="testWithStaticFactoryMethodAndRequiredPropertiesSpecified" classname="org.springframework.beans.factory.annotation.RequiredAnnotationBeanPostProcessorTests" time="0.001"/>
  <testcase name="testWithRequiredPropertyOmitted" classname="org.springframework.beans.factory.annotation.RequiredAnnotationBeanPostProcessorTests" time="0.001"/>
  <system-out><![CDATA[]]></system-out>
  <system-err><![CDATA[]]></system-err>
</testsuite>
