<?xml version="1.0" encoding="UTF-8"?>
<testsuite name="org.springframework.beans.factory.annotation.KotlinAutowiredTests" tests="10" skipped="0" failures="0" errors="0" timestamp="2020-04-13T11:24:44" hostname="DESKTOP-8IEUCIB" time="0.657">
  <properties/>
  <testcase name="Autowiring by annotated primary constructor with optional parameter" classname="org.springframework.beans.factory.annotation.KotlinAutowiredTests" time="0.213"/>
  <testcase name="Instantiation via secondary constructor when a default primary is defined" classname="org.springframework.beans.factory.annotation.KotlinAutowiredTests" time="0.026"/>
  <testcase name="Fallback on the default constructor when no autowirable primary constructor is defined" classname="org.springframework.beans.factory.annotation.KotlinAutowiredTests" time="0.01"/>
  <testcase name="No autowiring with primary and secondary non annotated constructors" classname="org.springframework.beans.factory.annotation.KotlinAutowiredTests" time="0.007"/>
  <testcase name="Autowiring by annotated secondary constructor with optional parameter" classname="org.springframework.beans.factory.annotation.KotlinAutowiredTests" time="0.012"/>
  <testcase name="Autowiring by primary constructor with optional parameters" classname="org.springframework.beans.factory.annotation.KotlinAutowiredTests" time="0.011"/>
  <testcase name="Autowiring with target" classname="org.springframework.beans.factory.annotation.KotlinAutowiredTests" time="0.013"/>
  <testcase name="Instantiation via primary constructor when a default is defined" classname="org.springframework.beans.factory.annotation.KotlinAutowiredTests" time="0.0"/>
  <testcase name="Autowiring by primary constructor with mandatory and optional parameters" classname="org.springframework.beans.factory.annotation.KotlinAutowiredTests" time="0.011"/>
  <testcase name="Autowiring without target" classname="org.springframework.beans.factory.annotation.KotlinAutowiredTests" time="0.354"/>
  <system-out><![CDATA[]]></system-out>
  <system-err><![CDATA[]]></system-err>
</testsuite>
