<?xml version="1.0" encoding="UTF-8"?>
<testsuite name="org.springframework.beans.factory.xml.AutowireWithExclusionTests" tests="10" skipped="0" failures="0" errors="0" timestamp="2020-04-13T11:24:38" hostname="DESKTOP-8IEUCIB" time="0.132">
  <properties/>
  <testcase name="byTypeAutowireWithInclusion" classname="org.springframework.beans.factory.xml.AutowireWithExclusionTests" time="0.042"/>
  <testcase name="byTypeAutowireWithAutoSelfExclusion" classname="org.springframework.beans.factory.xml.AutowireWithExclusionTests" time="0.014"/>
  <testcase name="byTypeAutowireWithPrimaryOverridingParentFactory" classname="org.springframework.beans.factory.xml.AutowireWithExclusionTests" time="0.008"/>
  <testcase name="constructorAutowireWithAutoSelfExclusion" classname="org.springframework.beans.factory.xml.AutowireWithExclusionTests" time="0.009"/>
  <testcase name="constructorAutowireWithExclusion" classname="org.springframework.beans.factory.xml.AutowireWithExclusionTests" time="0.004"/>
  <testcase name="byTypeAutowireWithExclusionInParentFactory" classname="org.springframework.beans.factory.xml.AutowireWithExclusionTests" time="0.01"/>
  <testcase name="byTypeAutowireWithPrimaryInParentAndChild" classname="org.springframework.beans.factory.xml.AutowireWithExclusionTests" time="0.009"/>
  <testcase name="byTypeAutowireWithPrimaryInParentFactory" classname="org.springframework.beans.factory.xml.AutowireWithExclusionTests" time="0.009"/>
  <testcase name="byTypeAutowireWithExclusion" classname="org.springframework.beans.factory.xml.AutowireWithExclusionTests" time="0.005"/>
  <testcase name="byTypeAutowireWithSelectiveInclusion" classname="org.springframework.beans.factory.xml.AutowireWithExclusionTests" time="0.022"/>
  <system-out><![CDATA[]]></system-out>
  <system-err><![CDATA[]]></system-err>
</testsuite>
