<?xml version="1.0" encoding="UTF-8"?>
<testsuite name="org.springframework.beans.factory.config.YamlMapFactoryBeanTests" tests="8" skipped="0" failures="0" errors="0" timestamp="2020-04-13T11:24:37" hostname="DESKTOP-8IEUCIB" time="0.096">
  <properties/>
  <testcase name="testMapWithIntegerValue" classname="org.springframework.beans.factory.config.YamlMapFactoryBeanTests" time="0.065"/>
  <testcase name="testFirstFound" classname="org.springframework.beans.factory.config.YamlMapFactoryBeanTests" time="0.005"/>
  <testcase name="testSetBarfOnResourceNotFound" classname="org.springframework.beans.factory.config.YamlMapFactoryBeanTests" time="0.023"/>
  <testcase name="testMapWithPeriodsInKey" classname="org.springframework.beans.factory.config.YamlMapFactoryBeanTests" time="0.0"/>
  <testcase name="testOverrideAndRemoveDefaults" classname="org.springframework.beans.factory.config.YamlMapFactoryBeanTests" time="0.001"/>
  <testcase name="testGetObject" classname="org.springframework.beans.factory.config.YamlMapFactoryBeanTests" time="0.001"/>
  <testcase name="testDuplicateKey" classname="org.springframework.beans.factory.config.YamlMapFactoryBeanTests" time="0.0"/>
  <testcase name="testSetIgnoreResourceNotFound" classname="org.springframework.beans.factory.config.YamlMapFactoryBeanTests" time="0.001"/>
  <system-out><![CDATA[19:24:37.213 [Test worker] WARN  org.springframework.beans.factory.config.YamlMapFactoryBean - Could not load map from non-existent: planned
19:24:37.240 [Test worker] WARN  org.springframework.beans.factory.config.YamlMapFactoryBean - Could not load map from file [E:\code\spring-framework-5.0.x\spring-beans\non-exsitent-file.yml]: non-exsitent-file.yml
]]></system-out>
  <system-err><![CDATA[]]></system-err>
</testsuite>
