<?xml version="1.0" encoding="UTF-8"?>
<testsuite name="org.springframework.beans.factory.config.CustomEditorConfigurerTests" tests="3" skipped="0" failures="0" errors="0" timestamp="2020-04-13T11:24:36" hostname="DESKTOP-8IEUCIB" time="0.036">
  <properties/>
  <testcase name="testCustomEditorConfigurerWithPropertyEditorRegistrar" classname="org.springframework.beans.factory.config.CustomEditorConfigurerTests" time="0.024"/>
  <testcase name="testCustomEditorConfigurerWithEditorAsClass" classname="org.springframework.beans.factory.config.CustomEditorConfigurerTests" time="0.007"/>
  <testcase name="testCustomEditorConfigurerWithRequiredTypeArray" classname="org.springframework.beans.factory.config.CustomEditorConfigurerTests" time="0.005"/>
  <system-out><![CDATA[]]></system-out>
  <system-err><![CDATA[]]></system-err>
</testsuite>
