<?xml version="1.0" encoding="UTF-8"?>
<testsuite name="org.springframework.beans.factory.xml.BeanNameGenerationTests" tests="1" skipped="0" failures="0" errors="0" timestamp="2020-04-13T11:24:38" hostname="DESKTOP-8IEUCIB" time="0.034">
  <properties/>
  <testcase name="naming" classname="org.springframework.beans.factory.xml.BeanNameGenerationTests" time="0.034"/>
  <system-out><![CDATA[]]></system-out>
  <system-err><![CDATA[]]></system-err>
</testsuite>
