<?xml version="1.0" encoding="UTF-8"?>
<testsuite name="org.springframework.beans.factory.FactoryBeanLookupTests" tests="5" skipped="0" failures="0" errors="0" timestamp="2020-04-13T11:24:37" hostname="DESKTOP-8IEUCIB" time="0.039">
  <properties/>
  <testcase name="factoryBeanLookupByNameDereferencing" classname="org.springframework.beans.factory.FactoryBeanLookupTests" time="0.018"/>
  <testcase name="factoryBeanLookupByType" classname="org.springframework.beans.factory.FactoryBeanLookupTests" time="0.004"/>
  <testcase name="factoryBeanObjectLookupByName" classname="org.springframework.beans.factory.FactoryBeanLookupTests" time="0.006"/>
  <testcase name="factoryBeanObjectLookupByNameAndType" classname="org.springframework.beans.factory.FactoryBeanLookupTests" time="0.005"/>
  <testcase name="factoryBeanLookupByTypeAndNameDereference" classname="org.springframework.beans.factory.FactoryBeanLookupTests" time="0.006"/>
  <system-out><![CDATA[]]></system-out>
  <system-err><![CDATA[]]></system-err>
</testsuite>
