<?xml version="1.0" encoding="UTF-8"?>
<testsuite name="org.springframework.beans.factory.xml.NestedBeansElementAttributeRecursionTests" tests="7" skipped="0" failures="0" errors="0" timestamp="2020-04-13T11:24:39" hostname="DESKTOP-8IEUCIB" time="0.056">
  <properties/>
  <testcase name="defaultMerge" classname="org.springframework.beans.factory.xml.NestedBeansElementAttributeRecursionTests" time="0.012"/>
  <testcase name="defaultAutowireCandidatesWithNonValidatingParser" classname="org.springframework.beans.factory.xml.NestedBeansElementAttributeRecursionTests" time="0.008"/>
  <testcase name="initMethod" classname="org.springframework.beans.factory.xml.NestedBeansElementAttributeRecursionTests" time="0.016"/>
  <testcase name="defaultMergeWithNonValidatingParser" classname="org.springframework.beans.factory.xml.NestedBeansElementAttributeRecursionTests" time="0.002"/>
  <testcase name="defaultLazyInit" classname="org.springframework.beans.factory.xml.NestedBeansElementAttributeRecursionTests" time="0.01"/>
  <testcase name="defaultAutowireCandidates" classname="org.springframework.beans.factory.xml.NestedBeansElementAttributeRecursionTests" time="0.006"/>
  <testcase name="defaultLazyInitWithNonValidatingParser" classname="org.springframework.beans.factory.xml.NestedBeansElementAttributeRecursionTests" time="0.001"/>
  <system-out><![CDATA[]]></system-out>
  <system-err><![CDATA[]]></system-err>
</testsuite>
