<?xml version="1.0" encoding="UTF-8"?>
<testsuite name="org.springframework.context.annotation.AnnotationBeanNameGeneratorTests" tests="9" skipped="0" failures="0" errors="0" timestamp="2020-04-13T11:26:35" hostname="DESKTOP-8IEUCIB" time="0.055">
  <properties/>
  <testcase name="generateBeanNameWithNamedComponentWhereTheNameIsBlank" classname="org.springframework.context.annotation.AnnotationBeanNameGeneratorTests" time="0.005"/>
  <testcase name="generateBeanNameWithNamedComponent" classname="org.springframework.context.annotation.AnnotationBeanNameGeneratorTests" time="0.004"/>
  <testcase name="generateBeanNameWithDefaultNamedComponent" classname="org.springframework.context.annotation.AnnotationBeanNameGeneratorTests" time="0.01"/>
  <testcase name="generateBeanNameFromMetaComponentWithStringValue" classname="org.springframework.context.annotation.AnnotationBeanNameGeneratorTests" time="0.004"/>
  <testcase name="generateBeanNameWithAnonymousComponentYieldsGeneratedBeanName" classname="org.springframework.context.annotation.AnnotationBeanNameGeneratorTests" time="0.004"/>
  <testcase name="generateBeanNameFromComposedControllerAnnotationWithoutName" classname="org.springframework.context.annotation.AnnotationBeanNameGeneratorTests" time="0.01"/>
  <testcase name="generateBeanNameFromComposedControllerAnnotationWithStringValue" classname="org.springframework.context.annotation.AnnotationBeanNameGeneratorTests" time="0.004"/>
  <testcase name="generateBeanNameFromComposedControllerAnnotationWithBlankName" classname="org.springframework.context.annotation.AnnotationBeanNameGeneratorTests" time="0.005"/>
  <testcase name="generateBeanNameFromMetaComponentWithNonStringValue" classname="org.springframework.context.annotation.AnnotationBeanNameGeneratorTests" time="0.008"/>
  <system-out><![CDATA[]]></system-out>
  <system-err><![CDATA[]]></system-err>
</testsuite>
