<?xml version="1.0" encoding="UTF-8"?>
<testsuite name="org.springframework.context.groovy.GroovyBeanDefinitionReaderTests" tests="36" skipped="0" failures="0" errors="0" timestamp="2020-04-13T11:27:23" hostname="DESKTOP-8IEUCIB" time="1.187">
  <properties/>
  <testcase name="importSpringXml" classname="org.springframework.context.groovy.GroovyBeanDefinitionReaderTests" time="0.018"/>
  <testcase name="abstractBeanDefinition" classname="org.springframework.context.groovy.GroovyBeanDefinitionReaderTests" time="0.047"/>
  <testcase name="loadExternalBeansWithExplicitRefresh" classname="org.springframework.context.groovy.GroovyBeanDefinitionReaderTests" time="0.011"/>
  <testcase name="beanWithFactoryBean" classname="org.springframework.context.groovy.GroovyBeanDefinitionReaderTests" time="0.033"/>
  <testcase name="useSpringNamespaceAsMethod" classname="org.springframework.context.groovy.GroovyBeanDefinitionReaderTests" time="0.223"/>
  <testcase name="simpleBean" classname="org.springframework.context.groovy.GroovyBeanDefinitionReaderTests" time="0.027"/>
  <testcase name="registerBeans" classname="org.springframework.context.groovy.GroovyBeanDefinitionReaderTests" time="0.051"/>
  <testcase name="namedArgumentConstructor" classname="org.springframework.context.groovy.GroovyBeanDefinitionReaderTests" time="0.008"/>
  <testcase name="scopes" classname="org.springframework.context.groovy.GroovyBeanDefinitionReaderTests" time="0.034"/>
  <testcase name="beanWithParentRef" classname="org.springframework.context.groovy.GroovyBeanDefinitionReaderTests" time="0.039"/>
  <testcase name="beanWithFactoryMethodWithConstructorArgs" classname="org.springframework.context.groovy.GroovyBeanDefinitionReaderTests" time="0.032"/>
  <testcase name="importBeansFromGroovy" classname="org.springframework.context.groovy.GroovyBeanDefinitionReaderTests" time="0.015"/>
  <testcase name="useTwoSpringNamespaces" classname="org.springframework.context.groovy.GroovyBeanDefinitionReaderTests" time="0.075"/>
  <testcase name="anonymousInnerBeanViaBeanMethod" classname="org.springframework.context.groovy.GroovyBeanDefinitionReaderTests" time="0.028"/>
  <testcase name="withAnonymousInnerBean" classname="org.springframework.context.groovy.GroovyBeanDefinitionReaderTests" time="0.029"/>
  <testcase name="springAopSupport" classname="org.springframework.context.groovy.GroovyBeanDefinitionReaderTests" time="0.027"/>
  <testcase name="anonymousInnerBeanViaBeanMethodWithConstructorArgs" classname="org.springframework.context.groovy.GroovyBeanDefinitionReaderTests" time="0.03"/>
  <testcase name="inheritPropertiesFromAbstractBean" classname="org.springframework.context.groovy.GroovyBeanDefinitionReaderTests" time="0.027"/>
  <testcase name="groovyBeanDefinitionReaderWithScript" classname="org.springframework.context.groovy.GroovyBeanDefinitionReaderTests" time="0.044"/>
  <testcase name="withUntypedAnonymousInnerBean" classname="org.springframework.context.groovy.GroovyBeanDefinitionReaderTests" time="0.036"/>
  <testcase name="listOfBeansAsConstructorArg" classname="org.springframework.context.groovy.GroovyBeanDefinitionReaderTests" time="0.018"/>
  <testcase name="singletonPropertyOnBeanDefinition" classname="org.springframework.context.groovy.GroovyBeanDefinitionReaderTests" time="0.017"/>
  <testcase name="getBeanDefinitions" classname="org.springframework.context.groovy.GroovyBeanDefinitionReaderTests" time="0.022"/>
  <testcase name="beanWithConstructor" classname="org.springframework.context.groovy.GroovyBeanDefinitionReaderTests" time="0.017"/>
  <testcase name="beanReferences" classname="org.springframework.context.groovy.GroovyBeanDefinitionReaderTests" time="0.027"/>
  <testcase name="beanWithFactoryBeanAndMethod" classname="org.springframework.context.groovy.GroovyBeanDefinitionReaderTests" time="0.013"/>
  <testcase name="beanWithFactoryMethodUsingClosureArgs" classname="org.springframework.context.groovy.GroovyBeanDefinitionReaderTests" time="0.025"/>
  <testcase name="loadExternalBeans" classname="org.springframework.context.groovy.GroovyBeanDefinitionReaderTests" time="0.009"/>
  <testcase name="beanWithListAndMapConstructor" classname="org.springframework.context.groovy.GroovyBeanDefinitionReaderTests" time="0.036"/>
  <testcase name="contextComponentScanSpringTag" classname="org.springframework.context.groovy.GroovyBeanDefinitionReaderTests" time="0.143"/>
  <testcase name="springScopedProxyBean" classname="org.springframework.context.groovy.GroovyBeanDefinitionReaderTests" time="0.005"/>
  <testcase name="abstractBeanDefinitionWithClass" classname="org.springframework.context.groovy.GroovyBeanDefinitionReaderTests" time="0.005"/>
  <testcase name="abstractBeanSpecifyingClass" classname="org.springframework.context.groovy.GroovyBeanDefinitionReaderTests" time="0.005"/>
  <testcase name="springNamespaceBean" classname="org.springframework.context.groovy.GroovyBeanDefinitionReaderTests" time="0.005"/>
  <testcase name="holyGrailWiring" classname="org.springframework.context.groovy.GroovyBeanDefinitionReaderTests" time="0.003"/>
  <testcase name="beanWithFactoryMethod" classname="org.springframework.context.groovy.GroovyBeanDefinitionReaderTests" time="0.003"/>
  <system-out><![CDATA[lets begin
lets begin
]]></system-out>
  <system-err><![CDATA[]]></system-err>
</testsuite>
