<?xml version="1.0" encoding="UTF-8"?>
<testsuite name="org.springframework.ui.ModelExtensionsTests" tests="1" skipped="0" failures="0" errors="0" timestamp="2020-04-13T11:27:23" hostname="DESKTOP-8IEUCIB" time="0.003">
  <properties/>
  <testcase name="setAttribute" classname="org.springframework.ui.ModelExtensionsTests" time="0.003"/>
  <system-out><![CDATA[]]></system-out>
  <system-err><![CDATA[]]></system-err>
</testsuite>
