<?xml version="1.0" encoding="UTF-8"?>
<testsuite name="org.springframework.aop.aspectj.AroundAdviceCircularTests" tests="5" skipped="0" failures="0" errors="0" timestamp="2020-04-13T11:26:23" hostname="DESKTOP-8IEUCIB" time="0.077">
  <properties/>
  <testcase name="testBothBeansAreProxies" classname="org.springframework.aop.aspectj.AroundAdviceCircularTests" time="0.02"/>
  <testcase name="testJustJoinPoint" classname="org.springframework.aop.aspectj.AroundAdviceCircularTests" time="0.015"/>
  <testcase name="testOneObjectArgBoundToTarget" classname="org.springframework.aop.aspectj.AroundAdviceCircularTests" time="0.014"/>
  <testcase name="testOneIntAndOneObjectArgs" classname="org.springframework.aop.aspectj.AroundAdviceCircularTests" time="0.014"/>
  <testcase name="testOneIntArg" classname="org.springframework.aop.aspectj.AroundAdviceCircularTests" time="0.013"/>
  <system-out><![CDATA[]]></system-out>
  <system-err><![CDATA[]]></system-err>
</testsuite>
