<?xml version="1.0" encoding="UTF-8"?>
<testsuite name="org.springframework.aop.aspectj.BeanNamePointcutAtAspectTests" tests="3" skipped="0" failures="0" errors="0" timestamp="2020-04-13T11:26:24" hostname="DESKTOP-8IEUCIB" time="0.058">
  <properties/>
  <testcase name="testMatchingBeanName" classname="org.springframework.aop.aspectj.BeanNamePointcutAtAspectTests" time="0.019"/>
  <testcase name="testProgrammaticProxyCreation" classname="org.springframework.aop.aspectj.BeanNamePointcutAtAspectTests" time="0.029"/>
  <testcase name="testNonMatchingBeanName" classname="org.springframework.aop.aspectj.BeanNamePointcutAtAspectTests" time="0.01"/>
  <system-out><![CDATA[]]></system-out>
  <system-err><![CDATA[]]></system-err>
</testsuite>
