<?xml version="1.0" encoding="UTF-8"?>
<testsuite name="org.springframework.context.annotation.configuration.BeanMethodQualificationTests" tests="6" skipped="0" failures="0" errors="0" timestamp="2020-04-13T11:26:44" hostname="DESKTOP-8IEUCIB" time="0.065">
  <properties/>
  <testcase name="testCustomWithAttributeOverride" classname="org.springframework.context.annotation.configuration.BeanMethodQualificationTests" time="0.015"/>
  <testcase name="testCustomWithAsm" classname="org.springframework.context.annotation.configuration.BeanMethodQualificationTests" time="0.011"/>
  <testcase name="testCustom" classname="org.springframework.context.annotation.configuration.BeanMethodQualificationTests" time="0.004"/>
  <testcase name="testScoped" classname="org.springframework.context.annotation.configuration.BeanMethodQualificationTests" time="0.012"/>
  <testcase name="testStandard" classname="org.springframework.context.annotation.configuration.BeanMethodQualificationTests" time="0.01"/>
  <testcase name="testScopedProxy" classname="org.springframework.context.annotation.configuration.BeanMethodQualificationTests" time="0.013"/>
  <system-out><![CDATA[]]></system-out>
  <system-err><![CDATA[]]></system-err>
</testsuite>
