<?xml version="1.0" encoding="UTF-8"?>
<testsuite name="org.springframework.aop.aspectj.DeclareParentsDelegateRefTests" tests="2" skipped="0" failures="0" errors="0" timestamp="2020-04-13T11:26:24" hostname="DESKTOP-8IEUCIB" time="0.036">
  <properties/>
  <testcase name="testIntroductionWasMade" classname="org.springframework.aop.aspectj.DeclareParentsDelegateRefTests" time="0.026"/>
  <testcase name="testIntroductionDelegation" classname="org.springframework.aop.aspectj.DeclareParentsDelegateRefTests" time="0.01"/>
  <system-out><![CDATA[]]></system-out>
  <system-err><![CDATA[]]></system-err>
</testsuite>
