<?xml version="1.0" encoding="UTF-8"?>
<testsuite name="org.springframework.validation.ValidationUtilsTests" tests="9" skipped="0" failures="0" errors="0" timestamp="2020-04-13T11:27:22" hostname="DESKTOP-8IEUCIB" time="0.011">
  <properties/>
  <testcase name="testValidationUtilsNull" classname="org.springframework.validation.ValidationUtilsTests" time="0.005"/>
  <testcase name="testValidationUtilsEmptyOrWhitespaceVariants" classname="org.springframework.validation.ValidationUtilsTests" time="0.0"/>
  <testcase name="testValidationUtilsEmptyVariants" classname="org.springframework.validation.ValidationUtilsTests" time="0.0"/>
  <testcase name="testValidationUtilsEmpty" classname="org.springframework.validation.ValidationUtilsTests" time="0.0"/>
  <testcase name="testInvokeValidatorWithNullValidator" classname="org.springframework.validation.ValidationUtilsTests" time="0.0"/>
  <testcase name="testInvokeValidatorSunnyDay" classname="org.springframework.validation.ValidationUtilsTests" time="0.0"/>
  <testcase name="testInvokeValidatorWithNullErrors" classname="org.springframework.validation.ValidationUtilsTests" time="0.0"/>
  <testcase name="testValidationUtilsSunnyDay" classname="org.springframework.validation.ValidationUtilsTests" time="0.0"/>
  <testcase name="testValidationUtilsEmptyOrWhitespace" classname="org.springframework.validation.ValidationUtilsTests" time="0.006"/>
  <system-out><![CDATA[]]></system-out>
  <system-err><![CDATA[]]></system-err>
</testsuite>
