<?xml version="1.0" encoding="UTF-8"?>
<testsuite name="org.springframework.aop.framework.autoproxy.AdvisorAutoProxyCreatorTests" tests="6" skipped="0" failures="0" errors="0" timestamp="2020-04-13T11:26:26" hostname="DESKTOP-8IEUCIB" time="0.143">
  <properties/>
  <testcase name="testCustomTargetSourceNoMatch" classname="org.springframework.aop.framework.autoproxy.AdvisorAutoProxyCreatorTests" time="0.019"/>
  <testcase name="testLazyInitTargetSource" classname="org.springframework.aop.framework.autoproxy.AdvisorAutoProxyCreatorTests" time="0.007"/>
  <testcase name="testQuickTargetSourceCreator" classname="org.springframework.aop.framework.autoproxy.AdvisorAutoProxyCreatorTests" time="0.04"/>
  <testcase name="testCustomPrototypeTargetSource" classname="org.springframework.aop.framework.autoproxy.AdvisorAutoProxyCreatorTests" time="0.005"/>
  <testcase name="testCommonInterceptorAndAdvisor" classname="org.springframework.aop.framework.autoproxy.AdvisorAutoProxyCreatorTests" time="0.046"/>
  <testcase name="testWithOptimizedProxy" classname="org.springframework.aop.framework.autoproxy.AdvisorAutoProxyCreatorTests" time="0.026"/>
  <system-out><![CDATA[]]></system-out>
  <system-err><![CDATA[]]></system-err>
</testsuite>
