<?xml version="1.0" encoding="UTF-8"?>
<testsuite name="org.springframework.cache.config.ExpressionCachingIntegrationTests" tests="1" skipped="0" failures="0" errors="0" timestamp="2020-04-13T11:26:34" hostname="DESKTOP-8IEUCIB" time="0.058">
  <properties/>
  <testcase name="expressionIsCacheBasedOnActualMethod" classname="org.springframework.cache.config.ExpressionCachingIntegrationTests" time="0.058"/>
  <system-out><![CDATA[]]></system-out>
  <system-err><![CDATA[]]></system-err>
</testsuite>
