<?xml version="1.0" encoding="UTF-8"?>
<testsuite name="org.springframework.context.annotation.EnableLoadTimeWeavingTests" tests="4" skipped="0" failures="0" errors="0" timestamp="2020-04-13T11:26:46" hostname="DESKTOP-8IEUCIB" time="0.076">
  <properties/>
  <testcase name="enableLTW_withAjWeavingAutodetect" classname="org.springframework.context.annotation.EnableLoadTimeWeavingTests" time="0.026"/>
  <testcase name="enableLTW_withAjWeavingEnabled" classname="org.springframework.context.annotation.EnableLoadTimeWeavingTests" time="0.027"/>
  <testcase name="control" classname="org.springframework.context.annotation.EnableLoadTimeWeavingTests" time="0.016"/>
  <testcase name="enableLTW_withAjWeavingDisabled" classname="org.springframework.context.annotation.EnableLoadTimeWeavingTests" time="0.007"/>
  <system-out><![CDATA[]]></system-out>
  <system-err><![CDATA[]]></system-err>
</testsuite>
