<?xml version="1.0" encoding="UTF-8"?>
<testsuite name="org.springframework.context.annotation.configuration.ImportAnnotationDetectionTests" tests="4" skipped="0" failures="0" errors="0" timestamp="2020-04-13T11:26:44" hostname="DESKTOP-8IEUCIB" time="0.052">
  <properties/>
  <testcase name="localImportIsProcessedLast" classname="org.springframework.context.annotation.configuration.ImportAnnotationDetectionTests" time="0.024"/>
  <testcase name="importFromBean" classname="org.springframework.context.annotation.configuration.ImportAnnotationDetectionTests" time="0.004"/>
  <testcase name="localAndMetaImportsAreProcessed" classname="org.springframework.context.annotation.configuration.ImportAnnotationDetectionTests" time="0.015"/>
  <testcase name="multipleMetaImportsAreProcessed" classname="org.springframework.context.annotation.configuration.ImportAnnotationDetectionTests" time="0.008"/>
  <system-out><![CDATA[]]></system-out>
  <system-err><![CDATA[]]></system-err>
</testsuite>
