<?xml version="1.0" encoding="UTF-8"?>
<testsuite name="org.springframework.aop.aspectj.autoproxy.AtAspectJAfterThrowingTests" tests="1" skipped="0" failures="0" errors="0" timestamp="2020-04-13T11:26:24" hostname="DESKTOP-8IEUCIB" time="0.024">
  <properties/>
  <testcase name="testAccessThrowable" classname="org.springframework.aop.aspectj.autoproxy.AtAspectJAfterThrowingTests" time="0.024"/>
  <system-out><![CDATA[]]></system-out>
  <system-err><![CDATA[]]></system-err>
</testsuite>
