<?xml version="1.0" encoding="UTF-8"?>
<testsuite name="org.springframework.format.datetime.DateFormatterTests" tests="12" skipped="0" failures="0" errors="0" timestamp="2020-04-13T11:26:56" hostname="DESKTOP-8IEUCIB" time="0.073">
  <properties/>
  <testcase name="shouldPrintAndParseShort" classname="org.springframework.format.datetime.DateFormatterTests" time="0.003"/>
  <testcase name="shouldPrintAndParseISODate" classname="org.springframework.format.datetime.DateFormatterTests" time="0.001"/>
  <testcase name="shouldPrintAndParseISOTime" classname="org.springframework.format.datetime.DateFormatterTests" time="0.0"/>
  <testcase name="shouldPrintAndParseMedium" classname="org.springframework.format.datetime.DateFormatterTests" time="0.001"/>
  <testcase name="shouldPrintAndParseISODateTime" classname="org.springframework.format.datetime.DateFormatterTests" time="0.0"/>
  <testcase name="shouldPrintAndParseDefault" classname="org.springframework.format.datetime.DateFormatterTests" time="0.001"/>
  <testcase name="shouldPrintAndParseFull" classname="org.springframework.format.datetime.DateFormatterTests" time="0.0"/>
  <testcase name="shouldPrintAndParseLong" classname="org.springframework.format.datetime.DateFormatterTests" time="0.0"/>
  <testcase name="shouldUseCorrectOrder" classname="org.springframework.format.datetime.DateFormatterTests" time="0.001"/>
  <testcase name="shouldSupportJodaStylePatterns" classname="org.springframework.format.datetime.DateFormatterTests" time="0.066"/>
  <testcase name="shouldPrintAndParseFromPattern" classname="org.springframework.format.datetime.DateFormatterTests" time="0.0"/>
  <testcase name="shouldThrowOnUnsupportedStylePattern" classname="org.springframework.format.datetime.DateFormatterTests" time="0.0"/>
  <system-out><![CDATA[]]></system-out>
  <system-err><![CDATA[]]></system-err>
</testsuite>
