<?xml version="1.0" encoding="UTF-8"?>
<testsuite name="org.springframework.context.annotation.spr10546.Spr10546Tests" tests="10" skipped="0" failures="0" errors="0" timestamp="2020-04-13T11:26:47" hostname="DESKTOP-8IEUCIB" time="0.124">
  <properties/>
  <testcase name="enclosingConfigFirstParentDefinesBeanWithScanning" classname="org.springframework.context.annotation.spr10546.Spr10546Tests" time="0.018"/>
  <testcase name="enclosingConfigOnly" classname="org.springframework.context.annotation.spr10546.Spr10546Tests" time="0.002"/>
  <testcase name="enclosingConfigFirstParentWithParentDefinesBean" classname="org.springframework.context.annotation.spr10546.Spr10546Tests" time="0.017"/>
  <testcase name="enclosingConfigFirstParentDefinesBeanWithImportResource" classname="org.springframework.context.annotation.spr10546.Spr10546Tests" time="0.025"/>
  <testcase name="enclosingConfigFirstParentDefinesBeanWithImport" classname="org.springframework.context.annotation.spr10546.Spr10546Tests" time="0.02"/>
  <testcase name="childConfigFirst" classname="org.springframework.context.annotation.spr10546.Spr10546Tests" time="0.002"/>
  <testcase name="childConfigOnly" classname="org.springframework.context.annotation.spr10546.Spr10546Tests" time="0.003"/>
  <testcase name="enclosingConfigFirstParentDefinesBean" classname="org.springframework.context.annotation.spr10546.Spr10546Tests" time="0.003"/>
  <testcase name="enclosingConfigFirstParentDefinesBeanWithComponentScan" classname="org.springframework.context.annotation.spr10546.Spr10546Tests" time="0.021"/>
  <testcase name="importChildConfigThenChildConfig" classname="org.springframework.context.annotation.spr10546.Spr10546Tests" time="0.013"/>
  <system-out><![CDATA[]]></system-out>
  <system-err><![CDATA[]]></system-err>
</testsuite>
