<?xml version="1.0" encoding="UTF-8"?>
<testsuite name="org.springframework.instrument.classloading.ReflectiveLoadTimeWeaverTests" tests="6" skipped="0" failures="0" errors="0" timestamp="2020-04-13T11:26:56" hostname="DESKTOP-8IEUCIB" time="0.005">
  <properties/>
  <testcase name="testCtorWithNullClassLoader" classname="org.springframework.instrument.classloading.ReflectiveLoadTimeWeaverTests" time="0.0"/>
  <testcase name="testCtorWithClassLoaderThatDoesNotExposeAnAddTransformerMethod" classname="org.springframework.instrument.classloading.ReflectiveLoadTimeWeaverTests" time="0.0"/>
  <testcase name="testCtorWithClassLoaderThatDoesNotExposeAGetThrowawayClassLoaderMethodIsOkay" classname="org.springframework.instrument.classloading.ReflectiveLoadTimeWeaverTests" time="0.005"/>
  <testcase name="testAddTransformerWithNullTransformer" classname="org.springframework.instrument.classloading.ReflectiveLoadTimeWeaverTests" time="0.0"/>
  <testcase name="testGetThrowawayClassLoaderWithClassLoaderThatDoesNotExposeAGetThrowawayClassLoaderMethodYieldsFallbackClassLoader" classname="org.springframework.instrument.classloading.ReflectiveLoadTimeWeaverTests" time="0.0"/>
  <testcase name="testGetThrowawayClassLoaderWithTotallyCompliantClassLoader" classname="org.springframework.instrument.classloading.ReflectiveLoadTimeWeaverTests" time="0.0"/>
  <system-out><![CDATA[]]></system-out>
  <system-err><![CDATA[]]></system-err>
</testsuite>
