<?xml version="1.0" encoding="UTF-8"?>
<testsuite name="org.springframework.cache.CacheReproTests" tests="10" skipped="0" failures="0" errors="0" timestamp="2020-04-13T11:26:30" hostname="DESKTOP-8IEUCIB" time="0.445">
  <properties/>
  <testcase name="spr11124MultipleAnnotations" classname="org.springframework.cache.CacheReproTests" time="0.106"/>
  <testcase name="spr11592GetNeverCache" classname="org.springframework.cache.CacheReproTests" time="0.12"/>
  <testcase name="spr14230AdaptsToOptional" classname="org.springframework.cache.CacheReproTests" time="0.032"/>
  <testcase name="spr11249PrimitiveVarargs" classname="org.springframework.cache.CacheReproTests" time="0.032"/>
  <testcase name="spr15271FindsOnInterfaceWithCglibProxy" classname="org.springframework.cache.CacheReproTests" time="0.038"/>
  <testcase name="spr11592GetSimple" classname="org.springframework.cache.CacheReproTests" time="0.011"/>
  <testcase name="spr15271FindsOnInterfaceWithInterfaceProxy" classname="org.springframework.cache.CacheReproTests" time="0.021"/>
  <testcase name="spr13081ConfigFailIfCacheResolverReturnsNullCacheName" classname="org.springframework.cache.CacheReproTests" time="0.044"/>
  <testcase name="spr14853AdaptsToOptionalWithSync" classname="org.springframework.cache.CacheReproTests" time="0.029"/>
  <testcase name="spr13081ConfigNoCacheNameIsRequired" classname="org.springframework.cache.CacheReproTests" time="0.01"/>
  <system-out><![CDATA[]]></system-out>
  <system-err><![CDATA[]]></system-err>
</testsuite>
