<?xml version="1.0" encoding="UTF-8"?>
<testsuite name="org.springframework.aop.aspectj.DeclareParentsTests" tests="2" skipped="0" failures="0" errors="0" timestamp="2020-04-13T11:26:24" hostname="DESKTOP-8IEUCIB" time="0.046">
  <properties/>
  <testcase name="testLockingWorks" classname="org.springframework.aop.aspectj.DeclareParentsTests" time="0.033"/>
  <testcase name="testIntroductionWasMade" classname="org.springframework.aop.aspectj.DeclareParentsTests" time="0.013"/>
  <system-out><![CDATA[]]></system-out>
  <system-err><![CDATA[]]></system-err>
</testsuite>
