<?xml version="1.0" encoding="UTF-8"?>
<testsuite name="org.springframework.beans.factory.annotation.BridgeMethodAutowiringTests" tests="1" skipped="0" failures="0" errors="0" timestamp="2020-04-13T11:26:29" hostname="DESKTOP-8IEUCIB" time="0.027">
  <properties/>
  <testcase name="SPR8434" classname="org.springframework.beans.factory.annotation.BridgeMethodAutowiringTests" time="0.027"/>
  <system-out><![CDATA[]]></system-out>
  <system-err><![CDATA[]]></system-err>
</testsuite>
