<?xml version="1.0" encoding="UTF-8"?>
<testsuite name="org.springframework.beans.factory.xml.SimplePropertyNamespaceHandlerWithExpressionLanguageTests" tests="1" skipped="0" failures="0" errors="0" timestamp="2020-04-13T11:26:29" hostname="DESKTOP-8IEUCIB" time="0.05">
  <properties/>
  <testcase name="combineWithExpressionLanguage" classname="org.springframework.beans.factory.xml.SimplePropertyNamespaceHandlerWithExpressionLanguageTests" time="0.05"/>
  <system-out><![CDATA[]]></system-out>
  <system-err><![CDATA[]]></system-err>
</testsuite>
