<?xml version="1.0" encoding="UTF-8"?>
<testsuite name="org.springframework.validation.beanvalidation.SpringValidatorAdapterTests" tests="7" skipped="0" failures="0" errors="0" timestamp="2020-04-13T11:27:21" hostname="DESKTOP-8IEUCIB" time="0.109">
  <properties/>
  <testcase name="testNoStringArgumentValue" classname="org.springframework.validation.beanvalidation.SpringValidatorAdapterTests" time="0.038"/>
  <testcase name="testWithList" classname="org.springframework.validation.beanvalidation.SpringValidatorAdapterTests" time="0.029"/>
  <testcase name="testApplyMessageSourceResolvableToStringArgumentValueWithUnresolvedLogicalFieldName" classname="org.springframework.validation.beanvalidation.SpringValidatorAdapterTests" time="0.002"/>
  <testcase name="testWithSet" classname="org.springframework.validation.beanvalidation.SpringValidatorAdapterTests" time="0.014"/>
  <testcase name="testApplyMessageSourceResolvableToStringArgumentValueWithAlwaysUseMessageFormat" classname="org.springframework.validation.beanvalidation.SpringValidatorAdapterTests" time="0.002"/>
  <testcase name="testUnwrap" classname="org.springframework.validation.beanvalidation.SpringValidatorAdapterTests" time="0.0"/>
  <testcase name="testApplyMessageSourceResolvableToStringArgumentValueWithResolvedLogicalFieldName" classname="org.springframework.validation.beanvalidation.SpringValidatorAdapterTests" time="0.002"/>
  <system-out><![CDATA[]]></system-out>
  <system-err><![CDATA[]]></system-err>
</testsuite>
