<?xml version="1.0" encoding="UTF-8"?>
<testsuite name="org.springframework.context.annotation.ConfigurationClassWithConditionTests" tests="14" skipped="0" failures="0" errors="0" timestamp="2020-04-13T11:26:45" hostname="DESKTOP-8IEUCIB" time="0.081">
  <properties/>
  <testcase name="conditionalOnBeanMatch" classname="org.springframework.context.annotation.ConfigurationClassWithConditionTests" time="0.016"/>
  <testcase name="conditionalOnMissingBeanNoMatch" classname="org.springframework.context.annotation.ConfigurationClassWithConditionTests" time="0.008"/>
  <testcase name="noConditionOnOverriddenMethodHonored" classname="org.springframework.context.annotation.ConfigurationClassWithConditionTests" time="0.01"/>
  <testcase name="metaConditionalWithAsm" classname="org.springframework.context.annotation.ConfigurationClassWithConditionTests" time="0.009"/>
  <testcase name="conditionOnOverriddenMethodHonored" classname="org.springframework.context.annotation.ConfigurationClassWithConditionTests" time="0.001"/>
  <testcase name="conditionalOnBeanNoMatch" classname="org.springframework.context.annotation.ConfigurationClassWithConditionTests" time="0.002"/>
  <testcase name="nonConfigurationClassWithAsm" classname="org.springframework.context.annotation.ConfigurationClassWithConditionTests" time="0.007"/>
  <testcase name="nonConfigurationClass" classname="org.springframework.context.annotation.ConfigurationClassWithConditionTests" time="0.001"/>
  <testcase name="methodConditional" classname="org.springframework.context.annotation.ConfigurationClassWithConditionTests" time="0.008"/>
  <testcase name="conditionalOnMissingBeanMatch" classname="org.springframework.context.annotation.ConfigurationClassWithConditionTests" time="0.002"/>
  <testcase name="methodConditionalWithAsm" classname="org.springframework.context.annotation.ConfigurationClassWithConditionTests" time="0.003"/>
  <testcase name="metaConditional" classname="org.springframework.context.annotation.ConfigurationClassWithConditionTests" time="0.002"/>
  <testcase name="importsNotCreated" classname="org.springframework.context.annotation.ConfigurationClassWithConditionTests" time="0.002"/>
  <testcase name="configWithAlternativeBeans" classname="org.springframework.context.annotation.ConfigurationClassWithConditionTests" time="0.008"/>
  <system-out><![CDATA[]]></system-out>
  <system-err><![CDATA[]]></system-err>
</testsuite>
