<?xml version="1.0" encoding="UTF-8"?>
<testsuite name="org.springframework.context.config.ContextNamespaceHandlerTests" tests="9" skipped="0" failures="0" errors="0" timestamp="2020-04-13T11:26:47" hostname="DESKTOP-8IEUCIB" time="0.141">
  <properties/>
  <testcase name="propertyPlaceholderLocationWithSystemPropertyForMultipleLocations" classname="org.springframework.context.config.ContextNamespaceHandlerTests" time="0.025"/>
  <testcase name="propertyPlaceholderLocationWithSystemPropertyMissing" classname="org.springframework.context.config.ContextNamespaceHandlerTests" time="0.009"/>
  <testcase name="propertyPlaceholderLocation" classname="org.springframework.context.config.ContextNamespaceHandlerTests" time="0.019"/>
  <testcase name="propertyPlaceholderLocationWithSystemPropertyForOneLocation" classname="org.springframework.context.config.ContextNamespaceHandlerTests" time="0.012"/>
  <testcase name="propertyPlaceholderIgnored" classname="org.springframework.context.config.ContextNamespaceHandlerTests" time="0.014"/>
  <testcase name="propertyOverride" classname="org.springframework.context.config.ContextNamespaceHandlerTests" time="0.016"/>
  <testcase name="propertyPlaceholderEnvironmentProperties" classname="org.springframework.context.config.ContextNamespaceHandlerTests" time="0.018"/>
  <testcase name="propertyPlaceholderSystemProperties" classname="org.springframework.context.config.ContextNamespaceHandlerTests" time="0.013"/>
  <testcase name="propertyPlaceholder" classname="org.springframework.context.config.ContextNamespaceHandlerTests" time="0.015"/>
  <system-out><![CDATA[19:26:47.608 [Test worker] WARN  org.springframework.context.support.ClassPathXmlApplicationContext - Exception encountered during context initialization - cancelling refresh attempt: org.springframework.beans.factory.BeanInitializationException: Could not load properties; nested exception is java.io.FileNotFoundException: class path resource [${properties}] cannot be opened because it does not exist
]]></system-out>
  <system-err><![CDATA[]]></system-err>
</testsuite>
