<?xml version="1.0" encoding="UTF-8"?>
<testsuite name="org.springframework.context.annotation.ConfigurationWithFactoryBeanAndAutowiringTests" tests="7" skipped="0" failures="0" errors="0" timestamp="2020-04-13T11:26:45" hostname="DESKTOP-8IEUCIB" time="0.083">
  <properties/>
  <testcase name="withConcreteFactoryBeanImplementationAsReturnType" classname="org.springframework.context.annotation.ConfigurationWithFactoryBeanAndAutowiringTests" time="0.021"/>
  <testcase name="withParameterizedFactoryBeanInterfaceAsReturnType" classname="org.springframework.context.annotation.ConfigurationWithFactoryBeanAndAutowiringTests" time="0.009"/>
  <testcase name="withFactoryBeanCallingBean" classname="org.springframework.context.annotation.ConfigurationWithFactoryBeanAndAutowiringTests" time="0.013"/>
  <testcase name="withParameterizedFactoryBeanImplementationAsReturnType" classname="org.springframework.context.annotation.ConfigurationWithFactoryBeanAndAutowiringTests" time="0.012"/>
  <testcase name="withWildcardParameterizedFactoryBeanInterfaceAsReturnType" classname="org.springframework.context.annotation.ConfigurationWithFactoryBeanAndAutowiringTests" time="0.01"/>
  <testcase name="withRawFactoryBeanInterfaceAsReturnType" classname="org.springframework.context.annotation.ConfigurationWithFactoryBeanAndAutowiringTests" time="0.009"/>
  <testcase name="withNonPublicParameterizedFactoryBeanInterfaceAsReturnType" classname="org.springframework.context.annotation.ConfigurationWithFactoryBeanAndAutowiringTests" time="0.009"/>
  <system-out><![CDATA[]]></system-out>
  <system-err><![CDATA[]]></system-err>
</testsuite>
