<?xml version="1.0" encoding="UTF-8"?>
<testsuite name="org.springframework.aop.config.AopNamespaceHandlerThrowingTests" tests="2" skipped="0" failures="0" errors="0" timestamp="2020-04-13T11:26:26" hostname="DESKTOP-8IEUCIB" time="0.022">
  <properties/>
  <testcase name="testThrowingOnThrowingAdvice" classname="org.springframework.aop.config.AopNamespaceHandlerThrowingTests" time="0.012"/>
  <testcase name="testParseThrowingOnOtherAdviceType" classname="org.springframework.aop.config.AopNamespaceHandlerThrowingTests" time="0.01"/>
  <system-out><![CDATA[]]></system-out>
  <system-err><![CDATA[]]></system-err>
</testsuite>
