<?xml version="1.0" encoding="UTF-8"?>
<testsuite name="org.springframework.context.annotation.AnnotationScopeMetadataResolverTests" tests="9" skipped="0" failures="0" errors="0" timestamp="2020-04-13T11:26:35" hostname="DESKTOP-8IEUCIB" time="0.034">
  <properties/>
  <testcase name="customRequestScopeViaAsm" classname="org.springframework.context.annotation.AnnotationScopeMetadataResolverTests" time="0.009"/>
  <testcase name="customRequestScopeWithAttributeViaAsm" classname="org.springframework.context.annotation.AnnotationScopeMetadataResolverTests" time="0.009"/>
  <testcase name="customRequestScope" classname="org.springframework.context.annotation.AnnotationScopeMetadataResolverTests" time="0.001"/>
  <testcase name="resolveScopeMetadataShouldNotApplyScopedProxyModeToSingleton" classname="org.springframework.context.annotation.AnnotationScopeMetadataResolverTests" time="0.005"/>
  <testcase name="resolveScopeMetadataShouldReadScopedProxyModeFromAnnotation" classname="org.springframework.context.annotation.AnnotationScopeMetadataResolverTests" time="0.004"/>
  <testcase name="setScopeAnnotationTypeWithNullType" classname="org.springframework.context.annotation.AnnotationScopeMetadataResolverTests" time="0.0"/>
  <testcase name="ctorWithNullScopedProxyMode" classname="org.springframework.context.annotation.AnnotationScopeMetadataResolverTests" time="0.0"/>
  <testcase name="resolveScopeMetadataShouldApplyScopedProxyModeToPrototype" classname="org.springframework.context.annotation.AnnotationScopeMetadataResolverTests" time="0.005"/>
  <testcase name="customRequestScopeWithAttribute" classname="org.springframework.context.annotation.AnnotationScopeMetadataResolverTests" time="0.001"/>
  <system-out><![CDATA[]]></system-out>
  <system-err><![CDATA[]]></system-err>
</testsuite>
