<?xml version="1.0" encoding="UTF-8"?>
<testsuite name="org.springframework.aop.config.PrototypeProxyTests" tests="1" skipped="0" failures="0" errors="0" timestamp="2020-04-13T11:26:26" hostname="DESKTOP-8IEUCIB" time="0.026">
  <properties/>
  <testcase name="testInjectionBeforeWrappingCheckDoesNotKickInForPrototypeProxy" classname="org.springframework.aop.config.PrototypeProxyTests" time="0.026"/>
  <system-out><![CDATA[]]></system-out>
  <system-err><![CDATA[]]></system-err>
</testsuite>
