<?xml version="1.0" encoding="UTF-8"?>
<testsuite name="org.springframework.scripting.support.StandardScriptFactoryTests" tests="3" skipped="0" failures="0" errors="0" timestamp="2020-04-13T11:27:21" hostname="DESKTOP-8IEUCIB" time="0.395">
  <properties/>
  <testcase name="testRefreshableJsr223FromTagWithInterface" classname="org.springframework.scripting.support.StandardScriptFactoryTests" time="0.356"/>
  <testcase name="testJsr223FromTagWithInterface" classname="org.springframework.scripting.support.StandardScriptFactoryTests" time="0.02"/>
  <testcase name="testInlineJsr223FromTagWithInterface" classname="org.springframework.scripting.support.StandardScriptFactoryTests" time="0.019"/>
  <system-out><![CDATA[]]></system-out>
  <system-err><![CDATA[]]></system-err>
</testsuite>
