<?xml version="1.0" encoding="UTF-8"?>
<testsuite name="org.springframework.context.expression.FactoryBeanAccessTests" tests="1" skipped="0" failures="0" errors="0" timestamp="2020-04-13T11:26:49" hostname="DESKTOP-8IEUCIB" time="0.019">
  <properties/>
  <testcase name="factoryBeanAccess" classname="org.springframework.context.expression.FactoryBeanAccessTests" time="0.019"/>
  <system-out><![CDATA[]]></system-out>
  <system-err><![CDATA[]]></system-err>
</testsuite>
