<?xml version="1.0" encoding="UTF-8"?>
<testsuite name="org.springframework.aop.target.CommonsPool2TargetSourceTests" tests="9" skipped="0" failures="0" errors="0" timestamp="2020-04-13T11:26:28" hostname="DESKTOP-8IEUCIB" time="0.067">
  <properties/>
  <testcase name="testHitMaxSize" classname="org.springframework.aop.target.CommonsPool2TargetSourceTests" time="0.01"/>
  <testcase name="testHitMaxSizeLoadedFromContext" classname="org.springframework.aop.target.CommonsPool2TargetSourceTests" time="0.019"/>
  <testcase name="testSetWhenExhaustedAction" classname="org.springframework.aop.target.CommonsPool2TargetSourceTests" time="0.003"/>
  <testcase name="testConfigMixin" classname="org.springframework.aop.target.CommonsPool2TargetSourceTests" time="0.008"/>
  <testcase name="testTargetSourceSerializableWithoutConfigMixin" classname="org.springframework.aop.target.CommonsPool2TargetSourceTests" time="0.004"/>
  <testcase name="testFunctionality" classname="org.springframework.aop.target.CommonsPool2TargetSourceTests" time="0.007"/>
  <testcase name="referenceIdentityByDefault" classname="org.springframework.aop.target.CommonsPool2TargetSourceTests" time="0.003"/>
  <testcase name="testFunctionalityWithNoInterceptors" classname="org.springframework.aop.target.CommonsPool2TargetSourceTests" time="0.008"/>
  <testcase name="testProxySerializableWithoutConfigMixin" classname="org.springframework.aop.target.CommonsPool2TargetSourceTests" time="0.004"/>
  <system-out><![CDATA[0
1
2
3
4
5
6
7
8
9
]]></system-out>
  <system-err><![CDATA[]]></system-err>
</testsuite>
