<?xml version="1.0" encoding="UTF-8"?>
<testsuite name="org.springframework.context.support.ClassPathXmlApplicationContextTests" tests="20" skipped="0" failures="0" errors="0" timestamp="2020-04-13T11:26:49" hostname="DESKTOP-8IEUCIB" time="1.703">
  <properties/>
  <testcase name="testSingleConfigLocationWithClass" classname="org.springframework.context.support.ClassPathXmlApplicationContextTests" time="0.006"/>
  <testcase name="testAliasWithPlaceholder" classname="org.springframework.context.support.ClassPathXmlApplicationContextTests" time="0.402"/>
  <testcase name="testContextWithInvalidValueType" classname="org.springframework.context.support.ClassPathXmlApplicationContextTests" time="0.014"/>
  <testcase name="testResourceAndInputStream" classname="org.springframework.context.support.ClassPathXmlApplicationContextTests" time="0.02"/>
  <testcase name="testContextWithInvalidLazyClass" classname="org.springframework.context.support.ClassPathXmlApplicationContextTests" time="0.014"/>
  <testcase name="testMessageSourceAware" classname="org.springframework.context.support.ClassPathXmlApplicationContextTests" time="0.123"/>
  <testcase name="testContextWithClassNameThatContainsPlaceholder" classname="org.springframework.context.support.ClassPathXmlApplicationContextTests" time="0.009"/>
  <testcase name="testGenericApplicationContextWithXmlBeanDefinitionsAndClassLoaderNull" classname="org.springframework.context.support.ClassPathXmlApplicationContextTests" time="0.137"/>
  <testcase name="testAliasThatOverridesParent" classname="org.springframework.context.support.ClassPathXmlApplicationContextTests" time="0.009"/>
  <testcase name="testChildWithProxy" classname="org.springframework.context.support.ClassPathXmlApplicationContextTests" time="0.106"/>
  <testcase name="testSingleConfigLocation" classname="org.springframework.context.support.ClassPathXmlApplicationContextTests" time="0.002"/>
  <testcase name="testResourceArrayPropertyEditor" classname="org.springframework.context.support.ClassPathXmlApplicationContextTests" time="0.12"/>
  <testcase name="testGenericApplicationContextWithXmlBeanDefinitionsAndSpecifiedId" classname="org.springframework.context.support.ClassPathXmlApplicationContextTests" time="0.084"/>
  <testcase name="testFactoryBeanAndApplicationListener" classname="org.springframework.context.support.ClassPathXmlApplicationContextTests" time="0.086"/>
  <testcase name="testMultipleConfigLocationsWithClass" classname="org.springframework.context.support.ClassPathXmlApplicationContextTests" time="0.09"/>
  <testcase name="testMultipleConfigLocations" classname="org.springframework.context.support.ClassPathXmlApplicationContextTests" time="0.257"/>
  <testcase name="testAliasForParentContext" classname="org.springframework.context.support.ClassPathXmlApplicationContextTests" time="0.008"/>
  <testcase name="testGenericApplicationContextWithXmlBeanDefinitions" classname="org.springframework.context.support.ClassPathXmlApplicationContextTests" time="0.117"/>
  <testcase name="testAliasThatOverridesEarlierBean" classname="org.springframework.context.support.ClassPathXmlApplicationContextTests" time="0.005"/>
  <testcase name="testConfigLocationPattern" classname="org.springframework.context.support.ClassPathXmlApplicationContextTests" time="0.093"/>
  <system-out><![CDATA[19:26:50.411 [Test worker] WARN  org.springframework.context.support.ClassPathXmlApplicationContext - Exception encountered during context initialization - cancelling refresh attempt: org.springframework.beans.factory.BeanCreationException: Error creating bean with name 'someMessageSource' defined in class path resource [org/springframework/context/support/invalidValueType.xml]: Initialization of bean failed; nested exception is org.springframework.beans.TypeMismatchException: Failed to convert property value of type 'java.lang.String' to required type 'boolean' for property 'useCodeAsDefaultMessage'; nested exception is java.lang.IllegalArgumentException: Invalid boolean value [xxx]
]]></system-out>
  <system-err><![CDATA[]]></system-err>
</testsuite>
