<?xml version="1.0" encoding="UTF-8"?>
<testsuite name="org.springframework.validation.beanvalidation.ValidatorFactoryTests" tests="12" skipped="0" failures="0" errors="0" timestamp="2020-04-13T11:27:22" hostname="DESKTOP-8IEUCIB" time="0.214">
  <properties/>
  <testcase name="testValidationWithOptionalField" classname="org.springframework.validation.beanvalidation.ValidatorFactoryTests" time="0.041"/>
  <testcase name="testSpringValidationFieldType" classname="org.springframework.validation.beanvalidation.ValidatorFactoryTests" time="0.041"/>
  <testcase name="testSpringValidationWithErrorInListElement" classname="org.springframework.validation.beanvalidation.ValidatorFactoryTests" time="0.017"/>
  <testcase name="testSpringValidationWithClassLevel" classname="org.springframework.validation.beanvalidation.ValidatorFactoryTests" time="0.012"/>
  <testcase name="testInnerBeanValidation" classname="org.springframework.validation.beanvalidation.ValidatorFactoryTests" time="0.007"/>
  <testcase name="testSpringValidationWithErrorInSetElement" classname="org.springframework.validation.beanvalidation.ValidatorFactoryTests" time="0.013"/>
  <testcase name="testSpringValidationWithAutowiredValidator" classname="org.springframework.validation.beanvalidation.ValidatorFactoryTests" time="0.025"/>
  <testcase name="testSimpleValidation" classname="org.springframework.validation.beanvalidation.ValidatorFactoryTests" time="0.013"/>
  <testcase name="testListValidation" classname="org.springframework.validation.beanvalidation.ValidatorFactoryTests" time="0.007"/>
  <testcase name="testSimpleValidationWithClassLevel" classname="org.springframework.validation.beanvalidation.ValidatorFactoryTests" time="0.013"/>
  <testcase name="testSimpleValidationWithCustomProvider" classname="org.springframework.validation.beanvalidation.ValidatorFactoryTests" time="0.013"/>
  <testcase name="testSpringValidation" classname="org.springframework.validation.beanvalidation.ValidatorFactoryTests" time="0.012"/>
  <system-out><![CDATA[]]></system-out>
  <system-err><![CDATA[]]></system-err>
</testsuite>
