<?xml version="1.0" encoding="UTF-8"?>
<testsuite name="org.springframework.context.annotation.EnableAspectJAutoProxyTests" tests="5" skipped="0" failures="0" errors="0" timestamp="2020-04-13T11:26:45" hostname="DESKTOP-8IEUCIB" time="0.118">
  <properties/>
  <testcase name="withCglibProxy" classname="org.springframework.context.annotation.EnableAspectJAutoProxyTests" time="0.022"/>
  <testcase name="withJdkProxy" classname="org.springframework.context.annotation.EnableAspectJAutoProxyTests" time="0.018"/>
  <testcase name="withAnnotationOnArgumentAndCglibProxy" classname="org.springframework.context.annotation.EnableAspectJAutoProxyTests" time="0.041"/>
  <testcase name="withAnnotationOnArgumentAndJdkProxy" classname="org.springframework.context.annotation.EnableAspectJAutoProxyTests" time="0.018"/>
  <testcase name="withExposedProxy" classname="org.springframework.context.annotation.EnableAspectJAutoProxyTests" time="0.019"/>
  <system-out><![CDATA[]]></system-out>
  <system-err><![CDATA[]]></system-err>
</testsuite>
