<?xml version="1.0" encoding="UTF-8"?>
<testsuite name="org.springframework.scripting.config.ScriptingDefaultsTests" tests="6" skipped="0" failures="0" errors="0" timestamp="2020-04-13T11:27:17" hostname="DESKTOP-8IEUCIB" time="0.232">
  <properties/>
  <testcase name="defaultAutowire" classname="org.springframework.scripting.config.ScriptingDefaultsTests" time="0.074"/>
  <testcase name="nameAsAlias" classname="org.springframework.scripting.config.ScriptingDefaultsTests" time="0.033"/>
  <testcase name="defaultInitMethod" classname="org.springframework.scripting.config.ScriptingDefaultsTests" time="0.033"/>
  <testcase name="defaultProxyTargetClass" classname="org.springframework.scripting.config.ScriptingDefaultsTests" time="0.029"/>
  <testcase name="defaultRefreshCheckDelay" classname="org.springframework.scripting.config.ScriptingDefaultsTests" time="0.032"/>
  <testcase name="defaultDestroyMethod" classname="org.springframework.scripting.config.ScriptingDefaultsTests" time="0.031"/>
  <system-out><![CDATA[]]></system-out>
  <system-err><![CDATA[]]></system-err>
</testsuite>
