<?xml version="1.0" encoding="UTF-8"?>
<testsuite name="org.springframework.aop.aspectj.autoproxy.AspectImplementingInterfaceTests" tests="1" skipped="0" failures="0" errors="0" timestamp="2020-04-13T11:26:23" hostname="DESKTOP-8IEUCIB" time="0.039">
  <properties/>
  <testcase name="testProxyCreation" classname="org.springframework.aop.aspectj.autoproxy.AspectImplementingInterfaceTests" time="0.039"/>
  <system-out><![CDATA[]]></system-out>
  <system-err><![CDATA[]]></system-err>
</testsuite>
