<?xml version="1.0" encoding="UTF-8"?>
<testsuite name="org.springframework.ejb.config.JeeNamespaceHandlerTests" tests="9" skipped="0" failures="0" errors="0" timestamp="2020-04-13T11:26:56" hostname="DESKTOP-8IEUCIB" time="0.123">
  <properties/>
  <testcase name="testSimpleDefinition" classname="org.springframework.ejb.config.JeeNamespaceHandlerTests" time="0.043"/>
  <testcase name="testComplexRemoteSlsb" classname="org.springframework.ejb.config.JeeNamespaceHandlerTests" time="0.01"/>
  <testcase name="testLazyInitJndiLookup" classname="org.springframework.ejb.config.JeeNamespaceHandlerTests" time="0.01"/>
  <testcase name="testWithEnvironment" classname="org.springframework.ejb.config.JeeNamespaceHandlerTests" time="0.009"/>
  <testcase name="testWithReferencedEnvironment" classname="org.springframework.ejb.config.JeeNamespaceHandlerTests" time="0.01"/>
  <testcase name="testComplexLocalSlsb" classname="org.springframework.ejb.config.JeeNamespaceHandlerTests" time="0.011"/>
  <testcase name="testSimpleRemoteSlsb" classname="org.springframework.ejb.config.JeeNamespaceHandlerTests" time="0.009"/>
  <testcase name="testComplexDefinition" classname="org.springframework.ejb.config.JeeNamespaceHandlerTests" time="0.01"/>
  <testcase name="testSimpleLocalSlsb" classname="org.springframework.ejb.config.JeeNamespaceHandlerTests" time="0.01"/>
  <system-out><![CDATA[]]></system-out>
  <system-err><![CDATA[]]></system-err>
</testsuite>
