<?xml version="1.0" encoding="UTF-8"?>
<testsuite name="org.springframework.context.index.CandidateComponentsIndexLoaderTests" tests="8" skipped="0" failures="0" errors="0" timestamp="2020-04-13T11:26:49" hostname="DESKTOP-8IEUCIB" time="0.013">
  <properties/>
  <testcase name="loadIndexNoEntry" classname="org.springframework.context.index.CandidateComponentsIndexLoaderTests" time="0.004"/>
  <testcase name="loadIndexNoMatch" classname="org.springframework.context.index.CandidateComponentsIndexLoaderTests" time="0.005"/>
  <testcase name="loadIndexSeveralMatches" classname="org.springframework.context.index.CandidateComponentsIndexLoaderTests" time="0.002"/>
  <testcase name="loadIndexSingleMatch" classname="org.springframework.context.index.CandidateComponentsIndexLoaderTests" time="0.001"/>
  <testcase name="loadIndexNoSpringComponentsResource" classname="org.springframework.context.index.CandidateComponentsIndexLoaderTests" time="0.0"/>
  <testcase name="loadIndexNoPackage" classname="org.springframework.context.index.CandidateComponentsIndexLoaderTests" time="0.0"/>
  <testcase name="validateIndexIsDisabledByDefault" classname="org.springframework.context.index.CandidateComponentsIndexLoaderTests" time="0.001"/>
  <testcase name="loadIndexWithException" classname="org.springframework.context.index.CandidateComponentsIndexLoaderTests" time="0.0"/>
  <system-out><![CDATA[]]></system-out>
  <system-err><![CDATA[]]></system-err>
</testsuite>
