<?xml version="1.0" encoding="UTF-8"?>
<testsuite name="org.springframework.context.annotation.Spr6602Tests" tests="2" skipped="0" failures="0" errors="0" timestamp="2020-04-13T11:26:47" hostname="DESKTOP-8IEUCIB" time="0.024">
  <properties/>
  <testcase name="testXmlBehavior" classname="org.springframework.context.annotation.Spr6602Tests" time="0.008"/>
  <testcase name="testConfigurationClassBehavior" classname="org.springframework.context.annotation.Spr6602Tests" time="0.015"/>
  <system-out><![CDATA[]]></system-out>
  <system-err><![CDATA[]]></system-err>
</testsuite>
