<?xml version="1.0" encoding="UTF-8"?>
<testsuite name="org.springframework.context.annotation.AnnotationConfigApplicationContextExtensionsTests" tests="1" skipped="0" failures="0" errors="0" timestamp="2020-04-13T11:27:22" hostname="DESKTOP-8IEUCIB" time="0.433">
  <properties/>
  <testcase name="Instantiate AnnotationConfigApplicationContext" classname="org.springframework.context.annotation.AnnotationConfigApplicationContextExtensionsTests" time="0.433"/>
  <system-out><![CDATA[]]></system-out>
  <system-err><![CDATA[]]></system-err>
</testsuite>
