<?xml version="1.0" encoding="UTF-8"?>
<testsuite name="org.springframework.jndi.SimpleNamingContextTests" tests="2" skipped="0" failures="0" errors="0" timestamp="2020-04-13T11:26:58" hostname="DESKTOP-8IEUCIB" time="0.028">
  <properties/>
  <testcase name="testNamingContextBuilder" classname="org.springframework.jndi.SimpleNamingContextTests" time="0.027"/>
  <testcase name="testCreateInitialContext" classname="org.springframework.jndi.SimpleNamingContextTests" time="0.001"/>
  <system-out><![CDATA[]]></system-out>
  <system-err><![CDATA[]]></system-err>
</testsuite>
