<?xml version="1.0" encoding="UTF-8"?>
<testsuite name="org.springframework.context.annotation.Spr16022Tests" tests="2" skipped="0" failures="0" errors="0" timestamp="2020-04-13T11:27:23" hostname="DESKTOP-8IEUCIB" time="0.046">
  <properties/>
  <testcase name="Register beans with multiple constructors with AnnotationConfigApplicationContext" classname="org.springframework.context.annotation.Spr16022Tests" time="0.039"/>
  <testcase name="Register beans with multiple constructors with ClassPathXmlApplicationContext" classname="org.springframework.context.annotation.Spr16022Tests" time="0.007"/>
  <system-out><![CDATA[]]></system-out>
  <system-err><![CDATA[]]></system-err>
</testsuite>
