<?xml version="1.0" encoding="UTF-8"?>
<testsuite name="org.springframework.aop.framework.autoproxy.BeanNameAutoProxyCreatorTests" tests="8" skipped="0" failures="0" errors="0" timestamp="2020-04-13T11:26:27" hostname="DESKTOP-8IEUCIB" time="0.092">
  <properties/>
  <testcase name="testJdkProxyWithExactNameMatch" classname="org.springframework.aop.framework.autoproxy.BeanNameAutoProxyCreatorTests" time="0.041"/>
  <testcase name="testCglibProxyWithWildcardMatch" classname="org.springframework.aop.framework.autoproxy.BeanNameAutoProxyCreatorTests" time="0.011"/>
  <testcase name="testJdkIntroductionAppliesToCreatedObjectsNotFactoryBean" classname="org.springframework.aop.framework.autoproxy.BeanNameAutoProxyCreatorTests" time="0.01"/>
  <testcase name="testJdkProxyWithWildcardMatch" classname="org.springframework.aop.framework.autoproxy.BeanNameAutoProxyCreatorTests" time="0.006"/>
  <testcase name="testNoProxy" classname="org.springframework.aop.framework.autoproxy.BeanNameAutoProxyCreatorTests" time="0.006"/>
  <testcase name="testJdkProxyWithDoubleProxying" classname="org.springframework.aop.framework.autoproxy.BeanNameAutoProxyCreatorTests" time="0.006"/>
  <testcase name="testJdkIntroduction" classname="org.springframework.aop.framework.autoproxy.BeanNameAutoProxyCreatorTests" time="0.006"/>
  <testcase name="testWithFrozenProxy" classname="org.springframework.aop.framework.autoproxy.BeanNameAutoProxyCreatorTests" time="0.006"/>
  <system-out><![CDATA[]]></system-out>
  <system-err><![CDATA[]]></system-err>
</testsuite>
