<?xml version="1.0" encoding="UTF-8"?>
<testsuite name="org.springframework.context.event.EventPublicationInterceptorTests" tests="5" skipped="0" failures="0" errors="0" timestamp="2020-04-13T11:26:48" hostname="DESKTOP-8IEUCIB" time="0.016">
  <properties/>
  <testcase name="testWithAbstractStraightApplicationEventClassSupplied" classname="org.springframework.context.event.EventPublicationInterceptorTests" time="0.003"/>
  <testcase name="testWithNoApplicationEventClassSupplied" classname="org.springframework.context.event.EventPublicationInterceptorTests" time="0.0"/>
  <testcase name="testExpectedBehavior" classname="org.springframework.context.event.EventPublicationInterceptorTests" time="0.009"/>
  <testcase name="testWithApplicationEventClassThatDoesntExposeAValidCtor" classname="org.springframework.context.event.EventPublicationInterceptorTests" time="0.004"/>
  <testcase name="testWithNonApplicationEventClassSupplied" classname="org.springframework.context.event.EventPublicationInterceptorTests" time="0.0"/>
  <system-out><![CDATA[]]></system-out>
  <system-err><![CDATA[]]></system-err>
</testsuite>
