<?xml version="1.0" encoding="UTF-8"?>
<testsuite name="org.springframework.aop.config.AopNamespaceHandlerReturningTests" tests="2" skipped="0" failures="0" errors="0" timestamp="2020-04-13T11:26:26" hostname="DESKTOP-8IEUCIB" time="0.025">
  <properties/>
  <testcase name="testParseReturningOnOtherAdviceType" classname="org.springframework.aop.config.AopNamespaceHandlerReturningTests" time="0.01"/>
  <testcase name="testReturningOnReturningAdvice" classname="org.springframework.aop.config.AopNamespaceHandlerReturningTests" time="0.015"/>
  <system-out><![CDATA[]]></system-out>
  <system-err><![CDATA[]]></system-err>
</testsuite>
