<?xml version="1.0" encoding="UTF-8"?>
<testsuite name="org.springframework.cache.config.CustomInterceptorTests" tests="3" skipped="0" failures="0" errors="0" timestamp="2020-04-13T11:26:33" hostname="DESKTOP-8IEUCIB" time="0.055">
  <properties/>
  <testcase name="customInterceptorAppliesWithCheckedException" classname="org.springframework.cache.config.CustomInterceptorTests" time="0.037"/>
  <testcase name="customInterceptorAppliesWithRuntimeException" classname="org.springframework.cache.config.CustomInterceptorTests" time="0.009"/>
  <testcase name="onlyOneInterceptorIsAvailable" classname="org.springframework.cache.config.CustomInterceptorTests" time="0.009"/>
  <system-out><![CDATA[]]></system-out>
  <system-err><![CDATA[]]></system-err>
</testsuite>
