<?xml version="1.0" encoding="UTF-8"?>
<testsuite name="org.springframework.scheduling.annotation.AnnotationAsyncExecutionInterceptorTests" tests="1" skipped="0" failures="0" errors="0" timestamp="2020-04-13T11:26:58" hostname="DESKTOP-8IEUCIB" time="0.025">
  <properties/>
  <testcase name="testGetExecutorQualifier" classname="org.springframework.scheduling.annotation.AnnotationAsyncExecutionInterceptorTests" time="0.025"/>
  <system-out><![CDATA[]]></system-out>
  <system-err><![CDATA[]]></system-err>
</testsuite>
