<?xml version="1.0" encoding="UTF-8"?>
<testsuite name="org.springframework.scripting.groovy.GroovyScriptEvaluatorTests" tests="8" skipped="0" failures="0" errors="0" timestamp="2020-04-13T11:27:18" hostname="DESKTOP-8IEUCIB" time="0.121">
  <properties/>
  <testcase name="testGroovyScriptWithArguments" classname="org.springframework.scripting.groovy.GroovyScriptEvaluatorTests" time="0.022"/>
  <testcase name="testGroovyScriptWithImportCustomizer" classname="org.springframework.scripting.groovy.GroovyScriptEvaluatorTests" time="0.016"/>
  <testcase name="testGroovyScriptFromFileUsingJsr223" classname="org.springframework.scripting.groovy.GroovyScriptEvaluatorTests" time="0.035"/>
  <testcase name="testGroovyScriptWithArgumentsUsingJsr223" classname="org.springframework.scripting.groovy.GroovyScriptEvaluatorTests" time="0.009"/>
  <testcase name="testGroovyScriptFromFile" classname="org.springframework.scripting.groovy.GroovyScriptEvaluatorTests" time="0.01"/>
  <testcase name="testGroovyScriptFromStringUsingJsr223" classname="org.springframework.scripting.groovy.GroovyScriptEvaluatorTests" time="0.008"/>
  <testcase name="testGroovyScriptWithCompilerConfiguration" classname="org.springframework.scripting.groovy.GroovyScriptEvaluatorTests" time="0.012"/>
  <testcase name="testGroovyScriptFromString" classname="org.springframework.scripting.groovy.GroovyScriptEvaluatorTests" time="0.008"/>
  <system-out><![CDATA[]]></system-out>
  <system-err><![CDATA[]]></system-err>
</testsuite>
