<?xml version="1.0" encoding="UTF-8"?>
<testsuite name="org.springframework.context.annotation.Spr15275Tests" tests="6" skipped="0" failures="0" errors="0" timestamp="2020-04-13T11:26:47" hostname="DESKTOP-8IEUCIB" time="0.072">
  <properties/>
  <testcase name="testWithAbstractFactoryBeanForInterface" classname="org.springframework.context.annotation.Spr15275Tests" time="0.015"/>
  <testcase name="testWithFactoryBean" classname="org.springframework.context.annotation.Spr15275Tests" time="0.013"/>
  <testcase name="testWithAbstractFactoryBean" classname="org.springframework.context.annotation.Spr15275Tests" time="0.012"/>
  <testcase name="testWithFinalFactoryBean" classname="org.springframework.context.annotation.Spr15275Tests" time="0.011"/>
  <testcase name="testWithAbstractFactoryBeanAsReturnType" classname="org.springframework.context.annotation.Spr15275Tests" time="0.011"/>
  <testcase name="testWithFinalFactoryBeanAsReturnType" classname="org.springframework.context.annotation.Spr15275Tests" time="0.01"/>
  <system-out><![CDATA[]]></system-out>
  <system-err><![CDATA[]]></system-err>
</testsuite>
