<?xml version="1.0" encoding="UTF-8"?>
<testsuite name="org.springframework.beans.factory.support.QualifierAnnotationAutowireContextTests" tests="25" skipped="0" failures="0" errors="0" timestamp="2020-04-13T11:26:29" hostname="DESKTOP-8IEUCIB" time="0.159">
  <properties/>
  <testcase name="autowiredFieldResolvesWithBaseQualifierAndNonDefaultValue" classname="org.springframework.beans.factory.support.QualifierAnnotationAutowireContextTests" time="0.056"/>
  <testcase name="autowiredFieldResolvesQualifiedCandidate" classname="org.springframework.beans.factory.support.QualifierAnnotationAutowireContextTests" time="0.009"/>
  <testcase name="autowiredConstructorArgumentResolvesQualifiedCandidate" classname="org.springframework.beans.factory.support.QualifierAnnotationAutowireContextTests" time="0.022"/>
  <testcase name="autowiredConstructorArgumentWithMultipleNonQualifiedCandidates" classname="org.springframework.beans.factory.support.QualifierAnnotationAutowireContextTests" time="0.001"/>
  <testcase name="autowiredFieldDoesNotResolveWithMultipleQualifierValuesAndConflictingDefaultValue" classname="org.springframework.beans.factory.support.QualifierAnnotationAutowireContextTests" time="0.004"/>
  <testcase name="autowiredConstructorArgumentWithSingleNonQualifiedCandidate" classname="org.springframework.beans.factory.support.QualifierAnnotationAutowireContextTests" time="0.001"/>
  <testcase name="autowiredMethodParameterWithSingleNonQualifiedCandidate" classname="org.springframework.beans.factory.support.QualifierAnnotationAutowireContextTests" time="0.009"/>
  <testcase name="autowiredMethodParameterWithStaticallyQualifiedCandidateAmongOthers" classname="org.springframework.beans.factory.support.QualifierAnnotationAutowireContextTests" time="0.007"/>
  <testcase name="autowiredFieldResolvesQualifiedCandidateWithDefaultValueAndNoValueOnBeanDefinition" classname="org.springframework.beans.factory.support.QualifierAnnotationAutowireContextTests" time="0.004"/>
  <testcase name="autowiredMethodParameterWithMultipleNonQualifiedCandidates" classname="org.springframework.beans.factory.support.QualifierAnnotationAutowireContextTests" time="0.002"/>
  <testcase name="autowiredFieldResolvesWithDefaultValueAndExplicitDefaultValueOnBeanDefinition" classname="org.springframework.beans.factory.support.QualifierAnnotationAutowireContextTests" time="0.001"/>
  <testcase name="autowiredMethodParameterWithStaticallyQualifiedCandidate" classname="org.springframework.beans.factory.support.QualifierAnnotationAutowireContextTests" time="0.007"/>
  <testcase name="autowiredFieldDoesNotResolveWithBaseQualifierAndNonDefaultValueAndMultipleMatchingCandidates" classname="org.springframework.beans.factory.support.QualifierAnnotationAutowireContextTests" time="0.001"/>
  <testcase name="autowiredFieldResolvesWithMultipleQualifierValues" classname="org.springframework.beans.factory.support.QualifierAnnotationAutowireContextTests" time="0.002"/>
  <testcase name="autowiredMethodParameterWithSingleQualifiedCandidate" classname="org.springframework.beans.factory.support.QualifierAnnotationAutowireContextTests" time="0.002"/>
  <testcase name="autowiredFieldResolvesWithBaseQualifierAndDefaultValue" classname="org.springframework.beans.factory.support.QualifierAnnotationAutowireContextTests" time="0.004"/>
  <testcase name="autowiredFieldWithSingleQualifiedCandidate" classname="org.springframework.beans.factory.support.QualifierAnnotationAutowireContextTests" time="0.002"/>
  <testcase name="autowiredFieldWithMultipleNonQualifiedCandidates" classname="org.springframework.beans.factory.support.QualifierAnnotationAutowireContextTests" time="0.002"/>
  <testcase name="autowiredFieldResolvesMetaQualifiedCandidate" classname="org.springframework.beans.factory.support.QualifierAnnotationAutowireContextTests" time="0.013"/>
  <testcase name="autowiredConstructorArgumentWithSingleQualifiedCandidate" classname="org.springframework.beans.factory.support.QualifierAnnotationAutowireContextTests" time="0.001"/>
  <testcase name="autowiredFieldDoesNotResolveCandidateWithDefaultValueAndConflictingValueOnBeanDefinition" classname="org.springframework.beans.factory.support.QualifierAnnotationAutowireContextTests" time="0.002"/>
  <testcase name="autowiredFieldDoesNotResolveWithMultipleQualifierValuesAndMultipleMatchingCandidates" classname="org.springframework.beans.factory.support.QualifierAnnotationAutowireContextTests" time="0.001"/>
  <testcase name="autowiredMethodParameterResolvesQualifiedCandidate" classname="org.springframework.beans.factory.support.QualifierAnnotationAutowireContextTests" time="0.002"/>
  <testcase name="autowiredFieldWithSingleNonQualifiedCandidate" classname="org.springframework.beans.factory.support.QualifierAnnotationAutowireContextTests" time="0.001"/>
  <testcase name="autowiredFieldResolvesWithMultipleQualifierValuesAndExplicitDefaultValue" classname="org.springframework.beans.factory.support.QualifierAnnotationAutowireContextTests" time="0.002"/>
  <system-out><![CDATA[19:26:29.262 [Test worker] WARN  org.springframework.context.support.GenericApplicationContext - Exception encountered during context initialization - cancelling refresh attempt: org.springframework.beans.factory.UnsatisfiedDependencyException: Error creating bean with name 'autowired': Unsatisfied dependency expressed through constructor parameter 0; nested exception is org.springframework.beans.factory.NoSuchBeanDefinitionException: No qualifying bean of type 'org.springframework.beans.factory.support.QualifierAnnotationAutowireContextTests$Person' available: expected at least 1 bean which qualifies as autowire candidate. Dependency annotations: {@org.springframework.beans.factory.support.QualifierAnnotationAutowireContextTests$TestQualifier()}
19:26:29.267 [Test worker] WARN  org.springframework.context.support.GenericApplicationContext - Exception encountered during context initialization - cancelling refresh attempt: org.springframework.beans.factory.UnsatisfiedDependencyException: Error creating bean with name 'autowired': Unsatisfied dependency expressed through field 'person'; nested exception is org.springframework.beans.factory.NoSuchBeanDefinitionException: No qualifying bean of type 'org.springframework.beans.factory.support.QualifierAnnotationAutowireContextTests$Person' available: expected at least 1 bean which qualifies as autowire candidate. Dependency annotations: {@org.springframework.beans.factory.annotation.Autowired(required=true), @org.springframework.beans.factory.support.QualifierAnnotationAutowireContextTests$TestQualifierWithMultipleAttributes(value=default, number=123)}
19:26:29.268 [Test worker] WARN  org.springframework.context.support.GenericApplicationContext - Exception encountered during context initialization - cancelling refresh attempt: org.springframework.beans.factory.UnsatisfiedDependencyException: Error creating bean with name 'autowired': Unsatisfied dependency expressed through constructor parameter 0; nested exception is org.springframework.beans.factory.NoSuchBeanDefinitionException: No qualifying bean of type 'org.springframework.beans.factory.support.QualifierAnnotationAutowireContextTests$Person' available: expected at least 1 bean which qualifies as autowire candidate. Dependency annotations: {@org.springframework.beans.factory.support.QualifierAnnotationAutowireContextTests$TestQualifier()}
19:26:29.276 [Test worker] WARN  org.springframework.context.support.GenericApplicationContext - Exception encountered during context initialization - cancelling refresh attempt: org.springframework.beans.factory.UnsatisfiedDependencyException: Error creating bean with name 'autowired': Unsatisfied dependency expressed through method 'setPerson' parameter 0; nested exception is org.springframework.beans.factory.NoSuchBeanDefinitionException: No qualifying bean of type 'org.springframework.beans.factory.support.QualifierAnnotationAutowireContextTests$Person' available: expected at least 1 bean which qualifies as autowire candidate. Dependency annotations: {@org.springframework.beans.factory.support.QualifierAnnotationAutowireContextTests$TestQualifier()}
19:26:29.289 [Test worker] WARN  org.springframework.context.support.GenericApplicationContext - Exception encountered during context initialization - cancelling refresh attempt: org.springframework.beans.factory.UnsatisfiedDependencyException: Error creating bean with name 'autowired': Unsatisfied dependency expressed through method 'setPerson' parameter 0; nested exception is org.springframework.beans.factory.NoSuchBeanDefinitionException: No qualifying bean of type 'org.springframework.beans.factory.support.QualifierAnnotationAutowireContextTests$Person' available: expected at least 1 bean which qualifies as autowire candidate. Dependency annotations: {@org.springframework.beans.factory.support.QualifierAnnotationAutowireContextTests$TestQualifier()}
19:26:29.298 [Test worker] WARN  org.springframework.context.support.GenericApplicationContext - Exception encountered during context initialization - cancelling refresh attempt: org.springframework.beans.factory.UnsatisfiedDependencyException: Error creating bean with name 'autowired': Unsatisfied dependency expressed through constructor parameter 0; nested exception is org.springframework.beans.factory.NoUniqueBeanDefinitionException: No qualifying bean of type 'org.springframework.beans.factory.support.QualifierAnnotationAutowireContextTests$Person' available: expected single matching bean but found 2: juergen1,juergen2
19:26:29.309 [Test worker] WARN  org.springframework.context.support.GenericApplicationContext - Exception encountered during context initialization - cancelling refresh attempt: org.springframework.beans.factory.UnsatisfiedDependencyException: Error creating bean with name 'autowired': Unsatisfied dependency expressed through field 'person'; nested exception is org.springframework.beans.factory.NoSuchBeanDefinitionException: No qualifying bean of type 'org.springframework.beans.factory.support.QualifierAnnotationAutowireContextTests$Person' available: expected at least 1 bean which qualifies as autowire candidate. Dependency annotations: {@org.springframework.beans.factory.annotation.Autowired(required=true), @org.springframework.beans.factory.support.QualifierAnnotationAutowireContextTests$TestQualifier()}
19:26:29.327 [Test worker] WARN  org.springframework.context.support.GenericApplicationContext - Exception encountered during context initialization - cancelling refresh attempt: org.springframework.beans.factory.UnsatisfiedDependencyException: Error creating bean with name 'autowired': Unsatisfied dependency expressed through field 'person'; nested exception is org.springframework.beans.factory.NoSuchBeanDefinitionException: No qualifying bean of type 'org.springframework.beans.factory.support.QualifierAnnotationAutowireContextTests$Person' available: expected at least 1 bean which qualifies as autowire candidate. Dependency annotations: {@org.springframework.beans.factory.annotation.Autowired(required=true), @org.springframework.beans.factory.support.QualifierAnnotationAutowireContextTests$TestQualifierWithDefaultValue(value=default)}
19:26:29.328 [Test worker] WARN  org.springframework.context.support.GenericApplicationContext - Exception encountered during context initialization - cancelling refresh attempt: org.springframework.beans.factory.UnsatisfiedDependencyException: Error creating bean with name 'autowired': Unsatisfied dependency expressed through field 'person'; nested exception is org.springframework.beans.factory.NoUniqueBeanDefinitionException: No qualifying bean of type 'org.springframework.beans.factory.support.QualifierAnnotationAutowireContextTests$Person' available: expected single matching bean but found 2: juergen,mark
19:26:29.331 [Test worker] WARN  org.springframework.context.support.GenericApplicationContext - Exception encountered during context initialization - cancelling refresh attempt: org.springframework.beans.factory.UnsatisfiedDependencyException: Error creating bean with name 'autowired': Unsatisfied dependency expressed through field 'person'; nested exception is org.springframework.beans.factory.NoSuchBeanDefinitionException: No qualifying bean of type 'org.springframework.beans.factory.support.QualifierAnnotationAutowireContextTests$Person' available: expected at least 1 bean which qualifies as autowire candidate. Dependency annotations: {@org.springframework.beans.factory.annotation.Autowired(required=true), @org.springframework.beans.factory.support.QualifierAnnotationAutowireContextTests$TestQualifier()}
]]></system-out>
  <system-err><![CDATA[]]></system-err>
</testsuite>
