<?xml version="1.0" encoding="UTF-8"?>
<testsuite name="org.springframework.context.annotation.ConfigurationWithFactoryBeanAndParametersTests" tests="1" skipped="0" failures="0" errors="0" timestamp="2020-04-13T11:26:45" hostname="DESKTOP-8IEUCIB" time="0.015">
  <properties/>
  <testcase name="test" classname="org.springframework.context.annotation.ConfigurationWithFactoryBeanAndParametersTests" time="0.015"/>
  <system-out><![CDATA[]]></system-out>
  <system-err><![CDATA[]]></system-err>
</testsuite>
