<?xml version="1.0" encoding="UTF-8"?>
<testsuite name="org.springframework.context.annotation.configuration.Spr10744Tests" tests="1" skipped="0" failures="0" errors="0" timestamp="2020-04-13T11:26:45" hostname="DESKTOP-8IEUCIB" time="0.016">
  <properties/>
  <testcase name="testSpr10744" classname="org.springframework.context.annotation.configuration.Spr10744Tests" time="0.016"/>
  <system-out><![CDATA[]]></system-out>
  <system-err><![CDATA[]]></system-err>
</testsuite>
