<?xml version="1.0" encoding="UTF-8"?>
<testsuite name="org.springframework.context.annotation.BeanMethodMetadataTests" tests="1" skipped="0" failures="0" errors="0" timestamp="2020-04-13T11:26:35" hostname="DESKTOP-8IEUCIB" time="0.024">
  <properties/>
  <testcase name="providesBeanMethodBeanDefinition" classname="org.springframework.context.annotation.BeanMethodMetadataTests" time="0.024"/>
  <system-out><![CDATA[]]></system-out>
  <system-err><![CDATA[]]></system-err>
</testsuite>
