<?xml version="1.0" encoding="UTF-8"?>
<testsuite name="org.springframework.context.support.ConversionServiceFactoryBeanTests" tests="5" skipped="0" failures="0" errors="0" timestamp="2020-04-13T11:26:51" hostname="DESKTOP-8IEUCIB" time="0.054">
  <properties/>
  <testcase name="createDefaultConversionService" classname="org.springframework.context.support.ConversionServiceFactoryBeanTests" time="0.0"/>
  <testcase name="conversionServiceInApplicationContext" classname="org.springframework.context.support.ConversionServiceFactoryBeanTests" time="0.012"/>
  <testcase name="conversionServiceInApplicationContextWithResourceOverriding" classname="org.springframework.context.support.ConversionServiceFactoryBeanTests" time="0.013"/>
  <testcase name="createDefaultConversionServiceWithInvalidSupplements" classname="org.springframework.context.support.ConversionServiceFactoryBeanTests" time="0.0"/>
  <testcase name="createDefaultConversionServiceWithSupplements" classname="org.springframework.context.support.ConversionServiceFactoryBeanTests" time="0.029"/>
  <system-out><![CDATA[]]></system-out>
  <system-err><![CDATA[]]></system-err>
</testsuite>
