<?xml version="1.0" encoding="UTF-8"?>
<testsuite name="org.springframework.jmx.export.NotificationPublisherTests" tests="4" skipped="0" failures="0" errors="0" timestamp="2020-04-13T11:26:58" hostname="DESKTOP-8IEUCIB" time="0.048">
  <properties/>
  <testcase name="testSimpleBean" classname="org.springframework.jmx.export.NotificationPublisherTests" time="0.031"/>
  <testcase name="testMBean" classname="org.springframework.jmx.export.NotificationPublisherTests" time="0.003"/>
  <testcase name="testLazyInit" classname="org.springframework.jmx.export.NotificationPublisherTests" time="0.011"/>
  <testcase name="testSimpleBeanRegisteredManually" classname="org.springframework.jmx.export.NotificationPublisherTests" time="0.003"/>
  <system-out><![CDATA[]]></system-out>
  <system-err><![CDATA[]]></system-err>
</testsuite>
