<?xml version="1.0" encoding="UTF-8"?>
<testsuite name="org.springframework.format.support.FormattingConversionServiceFactoryBeanTests" tests="5" skipped="0" failures="0" errors="0" timestamp="2020-04-13T11:26:56" hostname="DESKTOP-8IEUCIB" time="0.036">
  <properties/>
  <testcase name="testFormatterRegistrar" classname="org.springframework.format.support.FormattingConversionServiceFactoryBeanTests" time="0.015"/>
  <testcase name="testInvalidFormatter" classname="org.springframework.format.support.FormattingConversionServiceFactoryBeanTests" time="0.0"/>
  <testcase name="testCustomFormatter" classname="org.springframework.format.support.FormattingConversionServiceFactoryBeanTests" time="0.021"/>
  <testcase name="testDefaultFormattersOn" classname="org.springframework.format.support.FormattingConversionServiceFactoryBeanTests" time="0.0"/>
  <testcase name="testDefaultFormattersOff" classname="org.springframework.format.support.FormattingConversionServiceFactoryBeanTests" time="0.0"/>
  <system-out><![CDATA[]]></system-out>
  <system-err><![CDATA[]]></system-err>
</testsuite>
