<?xml version="1.0" encoding="UTF-8"?>
<testsuite name="org.springframework.aop.aspectj.PropertyDependentAspectTests" tests="4" skipped="0" failures="0" errors="0" timestamp="2020-04-13T11:26:25" hostname="DESKTOP-8IEUCIB" time="0.071">
  <properties/>
  <testcase name="propertyDependentAtAspectJAspectWithPropertyDeclaredAfterAdvice" classname="org.springframework.aop.aspectj.PropertyDependentAspectTests" time="0.021"/>
  <testcase name="propertyDependentAtAspectJAspectWithPropertyDeclaredBeforeAdvice" classname="org.springframework.aop.aspectj.PropertyDependentAspectTests" time="0.013"/>
  <testcase name="propertyDependentAspectWithPropertyDeclaredAfterAdvice" classname="org.springframework.aop.aspectj.PropertyDependentAspectTests" time="0.022"/>
  <testcase name="propertyDependentAspectWithPropertyDeclaredBeforeAdvice" classname="org.springframework.aop.aspectj.PropertyDependentAspectTests" time="0.015"/>
  <system-out><![CDATA[]]></system-out>
  <system-err><![CDATA[]]></system-err>
</testsuite>
