<?xml version="1.0" encoding="UTF-8"?>
<testsuite name="org.springframework.context.annotation.LazyAutowiredAnnotationBeanPostProcessorTests" tests="10" skipped="0" failures="0" errors="0" timestamp="2020-04-13T11:26:46" hostname="DESKTOP-8IEUCIB" time="0.053">
  <properties/>
  <testcase name="testLazyResourceInjectionWithConstructorAndCustomAnnotation" classname="org.springframework.context.annotation.LazyAutowiredAnnotationBeanPostProcessorTests" time="0.008"/>
  <testcase name="testLazyOptionalResourceInjectionWithNonExistingTarget" classname="org.springframework.context.annotation.LazyAutowiredAnnotationBeanPostProcessorTests" time="0.005"/>
  <testcase name="testLazyResourceInjectionWithField" classname="org.springframework.context.annotation.LazyAutowiredAnnotationBeanPostProcessorTests" time="0.008"/>
  <testcase name="testLazyResourceInjectionWithMethodLevelLazy" classname="org.springframework.context.annotation.LazyAutowiredAnnotationBeanPostProcessorTests" time="0.005"/>
  <testcase name="testLazyResourceInjectionWithConstructor" classname="org.springframework.context.annotation.LazyAutowiredAnnotationBeanPostProcessorTests" time="0.006"/>
  <testcase name="testLazyResourceInjectionWithMethodAndCustomAnnotation" classname="org.springframework.context.annotation.LazyAutowiredAnnotationBeanPostProcessorTests" time="0.006"/>
  <testcase name="testLazyResourceInjectionWithFieldAndCustomAnnotation" classname="org.springframework.context.annotation.LazyAutowiredAnnotationBeanPostProcessorTests" time="0.005"/>
  <testcase name="testLazyResourceInjectionWithConstructorLevelLazy" classname="org.springframework.context.annotation.LazyAutowiredAnnotationBeanPostProcessorTests" time="0.005"/>
  <testcase name="testLazyResourceInjectionWithNonExistingTarget" classname="org.springframework.context.annotation.LazyAutowiredAnnotationBeanPostProcessorTests" time="0.0"/>
  <testcase name="testLazyResourceInjectionWithMethod" classname="org.springframework.context.annotation.LazyAutowiredAnnotationBeanPostProcessorTests" time="0.005"/>
  <system-out><![CDATA[]]></system-out>
  <system-err><![CDATA[]]></system-err>
</testsuite>
