<?xml version="1.0" encoding="UTF-8"?>
<testsuite name="org.springframework.context.groovy.GroovyApplicationContextTests" tests="4" skipped="0" failures="0" errors="0" timestamp="2020-04-13T11:26:49" hostname="DESKTOP-8IEUCIB" time="0.676">
  <properties/>
  <testcase name="testLoadingMultipleConfigFiles" classname="org.springframework.context.groovy.GroovyApplicationContextTests" time="0.635"/>
  <testcase name="testLoadingMultipleConfigFilesWithRelativeClass" classname="org.springframework.context.groovy.GroovyApplicationContextTests" time="0.022"/>
  <testcase name="testConfigFileParsingError" classname="org.springframework.context.groovy.GroovyApplicationContextTests" time="0.008"/>
  <testcase name="testLoadingConfigFile" classname="org.springframework.context.groovy.GroovyApplicationContextTests" time="0.011"/>
  <system-out><![CDATA[]]></system-out>
  <system-err><![CDATA[]]></system-err>
</testsuite>
