<?xml version="1.0" encoding="UTF-8"?>
<testsuite name="org.springframework.validation.beanvalidation.MethodValidationTests" tests="4" skipped="0" failures="0" errors="0" timestamp="2020-04-13T11:27:21" hostname="DESKTOP-8IEUCIB" time="0.113">
  <properties/>
  <testcase name="testLazyValidatorForMethodValidation" classname="org.springframework.validation.beanvalidation.MethodValidationTests" time="0.073"/>
  <testcase name="testMethodValidationInterceptor" classname="org.springframework.validation.beanvalidation.MethodValidationTests" time="0.008"/>
  <testcase name="testLazyValidatorForMethodValidationWithProxyTargetClass" classname="org.springframework.validation.beanvalidation.MethodValidationTests" time="0.024"/>
  <testcase name="testMethodValidationPostProcessor" classname="org.springframework.validation.beanvalidation.MethodValidationTests" time="0.008"/>
  <system-out><![CDATA[]]></system-out>
  <system-err><![CDATA[]]></system-err>
</testsuite>
