<?xml version="1.0" encoding="UTF-8"?>
<testsuite name="org.springframework.scripting.bsh.BshScriptEvaluatorTests" tests="3" skipped="0" failures="0" errors="0" timestamp="2020-04-13T11:27:14" hostname="DESKTOP-8IEUCIB" time="0.084">
  <properties/>
  <testcase name="testGroovyScriptWithArguments" classname="org.springframework.scripting.bsh.BshScriptEvaluatorTests" time="0.058"/>
  <testcase name="testBshScriptFromFile" classname="org.springframework.scripting.bsh.BshScriptEvaluatorTests" time="0.016"/>
  <testcase name="testBshScriptFromString" classname="org.springframework.scripting.bsh.BshScriptEvaluatorTests" time="0.01"/>
  <system-out><![CDATA[]]></system-out>
  <system-err><![CDATA[]]></system-err>
</testsuite>
