<?xml version="1.0" encoding="UTF-8"?>
<testsuite name="org.springframework.beans.factory.xml.LookupMethodWrappedByCglibProxyTests" tests="2" skipped="0" failures="0" errors="0" timestamp="2020-04-13T11:26:29" hostname="DESKTOP-8IEUCIB" time="0.029">
  <properties/>
  <testcase name="testRegularlyProxiedLookup" classname="org.springframework.beans.factory.xml.LookupMethodWrappedByCglibProxyTests" time="0.022"/>
  <testcase name="testAutoProxiedLookup" classname="org.springframework.beans.factory.xml.LookupMethodWrappedByCglibProxyTests" time="0.007"/>
  <system-out><![CDATA[]]></system-out>
  <system-err><![CDATA[]]></system-err>
</testsuite>
