<?xml version="1.0" encoding="UTF-8"?>
<testsuite name="org.springframework.util.xml.StaxUtilsTests" tests="6" skipped="0" failures="0" errors="0" timestamp="2020-04-13T11:25:51" hostname="DESKTOP-8IEUCIB" time="0.016">
  <properties/>
  <testcase name="isStaxSourceInvalid" classname="org.springframework.util.xml.StaxUtilsTests" time="0.015"/>
  <testcase name="isStaxResultJaxp14" classname="org.springframework.util.xml.StaxUtilsTests" time="0.0"/>
  <testcase name="isStaxResult" classname="org.springframework.util.xml.StaxUtilsTests" time="0.0"/>
  <testcase name="isStaxSource" classname="org.springframework.util.xml.StaxUtilsTests" time="0.001"/>
  <testcase name="isStaxResultInvalid" classname="org.springframework.util.xml.StaxUtilsTests" time="0.0"/>
  <testcase name="isStaxSourceJaxp14" classname="org.springframework.util.xml.StaxUtilsTests" time="0.0"/>
  <system-out><![CDATA[]]></system-out>
  <system-err><![CDATA[]]></system-err>
</testsuite>
