<?xml version="1.0" encoding="UTF-8"?>
<testsuite name="org.springframework.core.type.AnnotationMetadataTests" tests="15" skipped="0" failures="0" errors="0" timestamp="2020-04-13T11:25:34" hostname="DESKTOP-8IEUCIB" time="0.181">
  <properties/>
  <testcase name="composedAnnotationWithMetaAnnotationsWithIdenticalAttributeNamesUsingStandardAnnotationMetadata" classname="org.springframework.core.type.AnnotationMetadataTests" time="0.027"/>
  <testcase name="multipleAnnotationsWithIdenticalAttributeNamesUsingStandardAnnotationMetadata" classname="org.springframework.core.type.AnnotationMetadataTests" time="0.004"/>
  <testcase name="asmAnnotationMetadataForInterface" classname="org.springframework.core.type.AnnotationMetadataTests" time="0.055"/>
  <testcase name="asmAnnotationMetadata" classname="org.springframework.core.type.AnnotationMetadataTests" time="0.064"/>
  <testcase name="metaAnnotationOverridesUsingStandardAnnotationMetadata" classname="org.springframework.core.type.AnnotationMetadataTests" time="0.016"/>
  <testcase name="metaAnnotationOverridesUsingAnnotationMetadataReadingVisitor" classname="org.springframework.core.type.AnnotationMetadataTests" time="0.001"/>
  <testcase name="standardAnnotationMetadataForSubclass" classname="org.springframework.core.type.AnnotationMetadataTests" time="0.005"/>
  <testcase name="standardAnnotationMetadataForAnnotation" classname="org.springframework.core.type.AnnotationMetadataTests" time="0.0"/>
  <testcase name="standardAnnotationMetadataForInterface" classname="org.springframework.core.type.AnnotationMetadataTests" time="0.0"/>
  <testcase name="asmAnnotationMetadataForSubclass" classname="org.springframework.core.type.AnnotationMetadataTests" time="0.001"/>
  <testcase name="standardAnnotationMetadata" classname="org.springframework.core.type.AnnotationMetadataTests" time="0.007"/>
  <testcase name="standardAnnotationMetadata_nestedAnnotationsAsMap_false" classname="org.springframework.core.type.AnnotationMetadataTests" time="0.0"/>
  <testcase name="asmAnnotationMetadataForAnnotation" classname="org.springframework.core.type.AnnotationMetadataTests" time="0.001"/>
  <testcase name="composedAnnotationWithMetaAnnotationsWithIdenticalAttributeNamesUsingAnnotationMetadataReadingVisitor" classname="org.springframework.core.type.AnnotationMetadataTests" time="0.0"/>
  <testcase name="multipleAnnotationsWithIdenticalAttributeNamesUsingAnnotationMetadataReadingVisitor" classname="org.springframework.core.type.AnnotationMetadataTests" time="0.0"/>
  <system-out><![CDATA[]]></system-out>
  <system-err><![CDATA[]]></system-err>
</testsuite>
