<?xml version="1.0" encoding="UTF-8"?>
<testsuite name="org.springframework.core.ConstantsTests" tests="11" skipped="0" failures="0" errors="0" timestamp="2020-04-13T11:25:30" hostname="DESKTOP-8IEUCIB" time="0.017">
  <properties/>
  <testcase name="ctorWithNullClass" classname="org.springframework.core.ConstantsTests" time="0.007"/>
  <testcase name="getValuesInTurkey" classname="org.springframework.core.ConstantsTests" time="0.005"/>
  <testcase name="suffixAccess" classname="org.springframework.core.ConstantsTests" time="0.0"/>
  <testcase name="toCode" classname="org.springframework.core.ConstantsTests" time="0.0"/>
  <testcase name="getValuesWithEmptyStringPrefix" classname="org.springframework.core.ConstantsTests" time="0.0"/>
  <testcase name="constants" classname="org.springframework.core.ConstantsTests" time="0.0"/>
  <testcase name="getValuesWithNullPrefix" classname="org.springframework.core.ConstantsTests" time="0.0"/>
  <testcase name="getValues" classname="org.springframework.core.ConstantsTests" time="0.0"/>
  <testcase name="withClassThatExposesNoConstants" classname="org.springframework.core.ConstantsTests" time="0.004"/>
  <testcase name="getValuesWithWhitespacedStringPrefix" classname="org.springframework.core.ConstantsTests" time="0.0"/>
  <testcase name="getNames" classname="org.springframework.core.ConstantsTests" time="0.0"/>
  <system-out><![CDATA[]]></system-out>
  <system-err><![CDATA[]]></system-err>
</testsuite>
