<?xml version="1.0" encoding="UTF-8"?>
<testsuite name="org.springframework.util.ResourceUtilsTests" tests="3" skipped="0" failures="0" errors="0" timestamp="2020-04-13T11:25:35" hostname="DESKTOP-8IEUCIB" time="0.001">
  <properties/>
  <testcase name="isJarURL" classname="org.springframework.util.ResourceUtilsTests" time="0.0"/>
  <testcase name="extractJarFileURL" classname="org.springframework.util.ResourceUtilsTests" time="0.001"/>
  <testcase name="extractArchiveURL" classname="org.springframework.util.ResourceUtilsTests" time="0.0"/>
  <system-out><![CDATA[]]></system-out>
  <system-err><![CDATA[]]></system-err>
</testsuite>
