<?xml version="1.0" encoding="UTF-8"?>
<testsuite name="org.springframework.util.xml.StaxEventHandlerTests" tests="4" skipped="0" failures="0" errors="0" timestamp="2020-04-13T11:25:36" hostname="DESKTOP-8IEUCIB" time="10.039">
  <properties/>
  <testcase name="noNamespacePrefixesDom" classname="org.springframework.util.xml.StaxEventHandlerTests" time="0.013"/>
  <testcase name="noNamespacePrefixes" classname="org.springframework.util.xml.StaxEventHandlerTests" time="6.055"/>
  <testcase name="namespacePrefixes" classname="org.springframework.util.xml.StaxEventHandlerTests" time="3.969"/>
  <testcase name="namespacePrefixesDom" classname="org.springframework.util.xml.StaxEventHandlerTests" time="0.002"/>
  <system-out><![CDATA[]]></system-out>
  <system-err><![CDATA[]]></system-err>
</testsuite>
