<?xml version="1.0" encoding="UTF-8"?>
<testsuite name="org.springframework.core.io.support.ResourceArrayPropertyEditorTests" tests="4" skipped="0" failures="0" errors="0" timestamp="2020-04-13T11:25:33" hostname="DESKTOP-8IEUCIB" time="0.01">
  <properties/>
  <testcase name="testPatternResource" classname="org.springframework.core.io.support.ResourceArrayPropertyEditorTests" time="0.009"/>
  <testcase name="testVanillaResource" classname="org.springframework.core.io.support.ResourceArrayPropertyEditorTests" time="0.001"/>
  <testcase name="testStrictSystemPropertyReplacement" classname="org.springframework.core.io.support.ResourceArrayPropertyEditorTests" time="0.0"/>
  <testcase name="testSystemPropertyReplacement" classname="org.springframework.core.io.support.ResourceArrayPropertyEditorTests" time="0.0"/>
  <system-out><![CDATA[]]></system-out>
  <system-err><![CDATA[]]></system-err>
</testsuite>
