<?xml version="1.0" encoding="UTF-8"?>
<testsuite name="org.springframework.util.xml.ListBasedXMLEventReaderTests" tests="3" skipped="0" failures="0" errors="0" timestamp="2020-04-13T11:25:36" hostname="DESKTOP-8IEUCIB" time="0.051">
  <properties/>
  <testcase name="testGetElementTextThrowsExceptionAtWrongPosition" classname="org.springframework.util.xml.ListBasedXMLEventReaderTests" time="0.038"/>
  <testcase name="testGetElementText" classname="org.springframework.util.xml.ListBasedXMLEventReaderTests" time="0.0"/>
  <testcase name="standard" classname="org.springframework.util.xml.ListBasedXMLEventReaderTests" time="0.012"/>
  <system-out><![CDATA[]]></system-out>
  <system-err><![CDATA[]]></system-err>
</testsuite>
