<?xml version="1.0" encoding="UTF-8"?>
<testsuite name="org.springframework.core.type.AssignableTypeFilterTests" tests="4" skipped="0" failures="0" errors="0" timestamp="2020-04-13T11:25:34" hostname="DESKTOP-8IEUCIB" time="0.027">
  <properties/>
  <testcase name="directMatch" classname="org.springframework.core.type.AssignableTypeFilterTests" time="0.012"/>
  <testcase name="interfaceThroughSuperClassMatch" classname="org.springframework.core.type.AssignableTypeFilterTests" time="0.011"/>
  <testcase name="superClassMatch" classname="org.springframework.core.type.AssignableTypeFilterTests" time="0.001"/>
  <testcase name="interfaceMatch" classname="org.springframework.core.type.AssignableTypeFilterTests" time="0.003"/>
  <system-out><![CDATA[]]></system-out>
  <system-err><![CDATA[]]></system-err>
</testsuite>
