<?xml version="1.0" encoding="UTF-8"?>
<testsuite name="org.springframework.util.ExceptionTypeFilterTests" tests="1" skipped="0" failures="0" errors="0" timestamp="2020-04-13T11:25:35" hostname="DESKTOP-8IEUCIB" time="0.009">
  <properties/>
  <testcase name="subClassMatch" classname="org.springframework.util.ExceptionTypeFilterTests" time="0.009"/>
  <system-out><![CDATA[]]></system-out>
  <system-err><![CDATA[]]></system-err>
</testsuite>
