<?xml version="1.0" encoding="UTF-8"?>
<testsuite name="org.springframework.util.StreamUtilsTests" tests="8" skipped="0" failures="0" errors="0" timestamp="2020-04-13T11:25:36" hostname="DESKTOP-8IEUCIB" time="0.065">
  <properties/>
  <testcase name="nonClosingOutputStream" classname="org.springframework.util.StreamUtilsTests" time="0.016"/>
  <testcase name="copyStream" classname="org.springframework.util.StreamUtilsTests" time="0.021"/>
  <testcase name="copyString" classname="org.springframework.util.StreamUtilsTests" time="0.002"/>
  <testcase name="copyToString" classname="org.springframework.util.StreamUtilsTests" time="0.012"/>
  <testcase name="copyBytes" classname="org.springframework.util.StreamUtilsTests" time="0.001"/>
  <testcase name="copyRange" classname="org.springframework.util.StreamUtilsTests" time="0.001"/>
  <testcase name="nonClosingInputStream" classname="org.springframework.util.StreamUtilsTests" time="0.011"/>
  <testcase name="copyToByteArray" classname="org.springframework.util.StreamUtilsTests" time="0.001"/>
  <system-out><![CDATA[]]></system-out>
  <system-err><![CDATA[]]></system-err>
</testsuite>
