<?xml version="1.0" encoding="UTF-8"?>
<testsuite name="org.springframework.core.io.support.SpringFactoriesLoaderTests" tests="3" skipped="0" failures="0" errors="0" timestamp="2020-04-13T11:25:33" hostname="DESKTOP-8IEUCIB" time="0.023">
  <properties/>
  <testcase name="loadFactoriesInCorrectOrder" classname="org.springframework.core.io.support.SpringFactoriesLoaderTests" time="0.018"/>
  <testcase name="loadPackagePrivateFactory" classname="org.springframework.core.io.support.SpringFactoriesLoaderTests" time="0.005"/>
  <testcase name="loadInvalid" classname="org.springframework.core.io.support.SpringFactoriesLoaderTests" time="0.0"/>
  <system-out><![CDATA[]]></system-out>
  <system-err><![CDATA[]]></system-err>
</testsuite>
