<?xml version="1.0" encoding="UTF-8"?>
<testsuite name="org.springframework.util.FileSystemUtilsTests" tests="2" skipped="0" failures="0" errors="0" timestamp="2020-04-13T11:25:35" hostname="DESKTOP-8IEUCIB" time="0.028">
  <properties/>
  <testcase name="deleteRecursively" classname="org.springframework.util.FileSystemUtilsTests" time="0.014"/>
  <testcase name="copyRecursively" classname="org.springframework.util.FileSystemUtilsTests" time="0.014"/>
  <system-out><![CDATA[]]></system-out>
  <system-err><![CDATA[]]></system-err>
</testsuite>
