<?xml version="1.0" encoding="UTF-8"?>
<testsuite name="org.springframework.core.type.AnnotationTypeFilterTests" tests="6" skipped="0" failures="0" errors="0" timestamp="2020-04-13T11:25:34" hostname="DESKTOP-8IEUCIB" time="0.05">
  <properties/>
  <testcase name="testDirectAnnotationMatch" classname="org.springframework.core.type.AnnotationTypeFilterTests" time="0.026"/>
  <testcase name="testInheritedAnnotationFromBaseClassDoesMatch" classname="org.springframework.core.type.AnnotationTypeFilterTests" time="0.004"/>
  <testcase name="testNonAnnotatedClassDoesntMatch" classname="org.springframework.core.type.AnnotationTypeFilterTests" time="0.004"/>
  <testcase name="testInheritedAnnotationFromInterfaceDoesNotMatch" classname="org.springframework.core.type.AnnotationTypeFilterTests" time="0.004"/>
  <testcase name="testNonInheritedAnnotationDoesNotMatch" classname="org.springframework.core.type.AnnotationTypeFilterTests" time="0.007"/>
  <testcase name="testMatchesInterfacesIfConfigured" classname="org.springframework.core.type.AnnotationTypeFilterTests" time="0.005"/>
  <system-out><![CDATA[]]></system-out>
  <system-err><![CDATA[]]></system-err>
</testsuite>
