<?xml version="1.0" encoding="UTF-8"?>
<testsuite name="org.springframework.core.env.SystemEnvironmentPropertySourceTests" tests="7" skipped="0" failures="0" errors="0" timestamp="2020-04-13T11:25:32" hostname="DESKTOP-8IEUCIB" time="0.006">
  <properties/>
  <testcase name="normalWithPeriod" classname="org.springframework.core.env.SystemEnvironmentPropertySourceTests" time="0.0"/>
  <testcase name="withUnderscore" classname="org.springframework.core.env.SystemEnvironmentPropertySourceTests" time="0.0"/>
  <testcase name="none" classname="org.springframework.core.env.SystemEnvironmentPropertySourceTests" time="0.0"/>
  <testcase name="normalWithoutPeriod" classname="org.springframework.core.env.SystemEnvironmentPropertySourceTests" time="0.0"/>
  <testcase name="withUppercase" classname="org.springframework.core.env.SystemEnvironmentPropertySourceTests" time="0.0"/>
  <testcase name="withSecurityConstraints" classname="org.springframework.core.env.SystemEnvironmentPropertySourceTests" time="0.006"/>
  <testcase name="withBothPeriodAndUnderscore" classname="org.springframework.core.env.SystemEnvironmentPropertySourceTests" time="0.0"/>
  <system-out><![CDATA[]]></system-out>
  <system-err><![CDATA[]]></system-err>
</testsuite>
