<?xml version="1.0" encoding="UTF-8"?>
<testsuite name="org.springframework.core.type.classreading.ClassMetadataReadingVisitorMemberClassTests" tests="4" skipped="0" failures="0" errors="0" timestamp="2020-04-13T11:25:34" hostname="DESKTOP-8IEUCIB" time="0.028">
  <properties/>
  <testcase name="againstMemberClass" classname="org.springframework.core.type.classreading.ClassMetadataReadingVisitorMemberClassTests" time="0.004"/>
  <testcase name="withNoMemberClasses" classname="org.springframework.core.type.classreading.ClassMetadataReadingVisitorMemberClassTests" time="0.008"/>
  <testcase name="withNonPublicMemberClasses" classname="org.springframework.core.type.classreading.ClassMetadataReadingVisitorMemberClassTests" time="0.012"/>
  <testcase name="withPublicMemberClasses" classname="org.springframework.core.type.classreading.ClassMetadataReadingVisitorMemberClassTests" time="0.004"/>
  <system-out><![CDATA[]]></system-out>
  <system-err><![CDATA[]]></system-err>
</testsuite>
