<?xml version="1.0" encoding="UTF-8"?>
<testsuite name="org.springframework.core.KotlinReflectionParameterNameDiscovererTests" tests="3" skipped="0" failures="0" errors="0" timestamp="2020-04-13T11:25:51" hostname="DESKTOP-8IEUCIB" time="0.018">
  <properties/>
  <testcase name="getParameterNamesOnInterface" classname="org.springframework.core.KotlinReflectionParameterNameDiscovererTests" time="0.006"/>
  <testcase name="getParameterNamesOnExtensionMethod" classname="org.springframework.core.KotlinReflectionParameterNameDiscovererTests" time="0.011"/>
  <testcase name="getParameterNamesOnClass" classname="org.springframework.core.KotlinReflectionParameterNameDiscovererTests" time="0.001"/>
  <system-out><![CDATA[]]></system-out>
  <system-err><![CDATA[]]></system-err>
</testsuite>
