<?xml version="1.0" encoding="UTF-8"?>
<testsuite name="org.springframework.core.SimpleAliasRegistryTests" tests="2" skipped="0" failures="0" errors="0" timestamp="2020-04-13T11:25:34" hostname="DESKTOP-8IEUCIB" time="0.011">
  <properties/>
  <testcase name="testAliasChaining" classname="org.springframework.core.SimpleAliasRegistryTests" time="0.011"/>
  <testcase name="testAliasChainingWithMultipleAliases" classname="org.springframework.core.SimpleAliasRegistryTests" time="0.0"/>
  <system-out><![CDATA[]]></system-out>
  <system-err><![CDATA[]]></system-err>
</testsuite>
