<?xml version="1.0" encoding="UTF-8"?>
<testsuite name="org.springframework.util.xml.DomContentHandlerTests" tests="3" skipped="0" failures="0" errors="0" timestamp="2020-04-13T11:25:36" hostname="DESKTOP-8IEUCIB" time="0.049">
  <properties/>
  <testcase name="contentHandlerDocumentNoNamespacePrefixes" classname="org.springframework.util.xml.DomContentHandlerTests" time="0.046"/>
  <testcase name="contentHandlerDocumentNamespacePrefixes" classname="org.springframework.util.xml.DomContentHandlerTests" time="0.001"/>
  <testcase name="contentHandlerElement" classname="org.springframework.util.xml.DomContentHandlerTests" time="0.002"/>
  <system-out><![CDATA[]]></system-out>
  <system-err><![CDATA[]]></system-err>
</testsuite>
