<?xml version="1.0" encoding="UTF-8"?>
<testsuite name="org.springframework.util.LinkedCaseInsensitiveMapTests" tests="7" skipped="0" failures="0" errors="0" timestamp="2020-04-13T11:25:35" hostname="DESKTOP-8IEUCIB" time="0.001">
  <properties/>
  <testcase name="computeIfAbsentWithComputedValue" classname="org.springframework.util.LinkedCaseInsensitiveMapTests" time="0.0"/>
  <testcase name="putAndGet" classname="org.springframework.util.LinkedCaseInsensitiveMapTests" time="0.0"/>
  <testcase name="putWithOverlappingKeys" classname="org.springframework.util.LinkedCaseInsensitiveMapTests" time="0.0"/>
  <testcase name="getOrDefaultWithNullValue" classname="org.springframework.util.LinkedCaseInsensitiveMapTests" time="0.0"/>
  <testcase name="mapClone" classname="org.springframework.util.LinkedCaseInsensitiveMapTests" time="0.001"/>
  <testcase name="computeIfAbsentWithExistingValue" classname="org.springframework.util.LinkedCaseInsensitiveMapTests" time="0.0"/>
  <testcase name="getOrDefault" classname="org.springframework.util.LinkedCaseInsensitiveMapTests" time="0.0"/>
  <system-out><![CDATA[]]></system-out>
  <system-err><![CDATA[]]></system-err>
</testsuite>
