<?xml version="1.0" encoding="UTF-8"?>
<testsuite name="org.springframework.core.env.CompositePropertySourceTests" tests="1" skipped="0" failures="0" errors="0" timestamp="2020-04-13T11:25:31" hostname="DESKTOP-8IEUCIB" time="0.017">
  <properties/>
  <testcase name="addFirst" classname="org.springframework.core.env.CompositePropertySourceTests" time="0.017"/>
  <system-out><![CDATA[]]></system-out>
  <system-err><![CDATA[]]></system-err>
</testsuite>
