<?xml version="1.0" encoding="UTF-8"?>
<testsuite name="org.springframework.core.env.MutablePropertySourcesTests" tests="2" skipped="0" failures="0" errors="0" timestamp="2020-04-13T11:25:32" hostname="DESKTOP-8IEUCIB" time="0.0">
  <properties/>
  <testcase name="getNonExistentPropertySourceReturnsNull" classname="org.springframework.core.env.MutablePropertySourcesTests" time="0.0"/>
  <testcase name="test" classname="org.springframework.core.env.MutablePropertySourcesTests" time="0.0"/>
  <system-out><![CDATA[]]></system-out>
  <system-err><![CDATA[]]></system-err>
</testsuite>
