<?xml version="1.0" encoding="UTF-8"?>
<testsuite name="org.springframework.core.KotlinDefaultParameterNameDiscovererTests" tests="1" skipped="0" failures="0" errors="0" timestamp="2020-04-13T11:25:51" hostname="DESKTOP-8IEUCIB" time="0.005">
  <properties/>
  <testcase name="getParameterNamesOnEnum" classname="org.springframework.core.KotlinDefaultParameterNameDiscovererTests" time="0.005"/>
  <system-out><![CDATA[]]></system-out>
  <system-err><![CDATA[]]></system-err>
</testsuite>
