<?xml version="1.0" encoding="UTF-8"?>
<testsuite name="org.springframework.util.PatternMatchUtilsTests" tests="8" skipped="0" failures="0" errors="0" timestamp="2020-04-13T11:25:35" hostname="DESKTOP-8IEUCIB" time="0.006">
  <properties/>
  <testcase name="testEndsWith" classname="org.springframework.util.PatternMatchUtilsTests" time="0.005"/>
  <testcase name="testTrivial" classname="org.springframework.util.PatternMatchUtilsTests" time="0.0"/>
  <testcase name="testBetween" classname="org.springframework.util.PatternMatchUtilsTests" time="0.0"/>
  <testcase name="testStartsEndsBetween" classname="org.springframework.util.PatternMatchUtilsTests" time="0.0"/>
  <testcase name="testPatternVariants" classname="org.springframework.util.PatternMatchUtilsTests" time="0.0"/>
  <testcase name="testRidiculous" classname="org.springframework.util.PatternMatchUtilsTests" time="0.0"/>
  <testcase name="testStartsEnds" classname="org.springframework.util.PatternMatchUtilsTests" time="0.0"/>
  <testcase name="testStartsWith" classname="org.springframework.util.PatternMatchUtilsTests" time="0.0"/>
  <system-out><![CDATA[]]></system-out>
  <system-err><![CDATA[]]></system-err>
</testsuite>
